2020-02-28T05:20:04.231Z - info: Website generation started at 1:20:02 PM
2020-02-28T05:20:08.487Z - info: Building assets...
2020-02-28T05:20:12.215Z - info: Assets built
2020-02-28T05:20:12.216Z - info: Generating pages...
2020-02-28T05:21:15.020Z - debug: The process cannot access the file because it is being used by another process.

2020-02-28T05:21:15.020Z - debug: The process cannot access the file because it is being used by another process.

2020-02-28T05:21:15.021Z - debug: The process cannot access the file because it is being used by another process.

2020-02-28T05:21:15.021Z - debug: The process cannot access the file because it is being used by another process.

2020-02-28T05:21:15.024Z - debug: The process cannot access the file because it is being used by another process.

2020-02-28T05:21:15.024Z - debug: The process cannot access the file because it is being used by another process.

2020-02-28T05:21:15.025Z - debug: The process cannot access the file because it is being used by another process.

2020-02-28T05:21:15.030Z - debug: The process cannot access the file because it is being used by another process.

2020-02-28T05:21:15.031Z - debug: The process cannot access the file because it is being used by another process.

2020-02-28T05:21:15.031Z - debug: The process cannot access the file because it is being used by another process.

2020-02-28T05:21:15.031Z - debug: The process cannot access the file because it is being used by another process.

2020-02-28T05:21:15.031Z - debug: The process cannot access the file because it is being used by another process.

2020-02-28T05:21:15.032Z - debug: The process cannot access the file because it is being used by another process.

2020-02-28T05:21:15.032Z - debug: The process cannot access the file because it is being used by another process.

2020-02-28T05:21:15.032Z - debug: The process cannot access the file because it is being used by another process.

2020-02-28T05:21:15.032Z - debug: The process cannot access the file because it is being used by another process.

2020-02-28T05:21:15.033Z - debug: The process cannot access the file because it is being used by another process.

2020-02-28T05:21:15.033Z - debug: The process cannot access the file because it is being used by another process.

2020-02-28T05:21:15.033Z - debug: The process cannot access the file because it is being used by another process.

2020-02-28T05:21:15.033Z - debug: The process cannot access the file because it is being used by another process.

2020-02-28T05:21:15.048Z - debug: The process cannot access the file because it is being used by another process.

2020-02-28T05:21:15.048Z - debug: The process cannot access the file because it is being used by another process.

2020-02-28T05:21:15.644Z - debug: The process cannot access the file because it is being used by another process.

2020-02-28T05:21:15.654Z - debug: The process cannot access the file because it is being used by another process.

2020-02-28T05:21:15.677Z - debug: The process cannot access the file because it is being used by another process.

2020-02-28T05:21:19.604Z - debug:  
2020-02-28T05:21:19.604Z - debug:  
2020-02-28T05:21:20.121Z - debug:  
2020-02-28T05:21:22.535Z - debug:  
2020-02-28T05:22:14.911Z - info: Pages built
2020-02-28T05:22:33.270Z - info: Website generation complete! Total build time: 151.048s
2020-02-28T05:22:33.631Z - info: Serving "C:\repos\nus-cs2113-AY1920S2\cs2113-website\_site" at http://127.0.0.1:8080
2020-02-28T05:22:33.631Z - info: Press CTRL+C to stop ...
2020-02-28T05:22:33.736Z - info: Site data built
2020-02-28T05:27:51.631Z - info: [1:27:51 PM] Reload for file change: C:\repos\nus-cs2113-AY1920S2\cs2113-website\schedule\week8\commentary.mbdf
2020-02-28T05:27:52.633Z - info: Rebuilding affected source files
2020-02-28T05:27:52.635Z - info: Rebuilding 1 pages
2020-02-28T05:27:54.966Z - info: Pages rebuilt
2020-02-28T05:27:54.974Z - info: Site data built
2020-02-28T05:28:52.044Z - info: [1:28:52 PM] Reload for file change: C:\repos\nus-cs2113-AY1920S2\cs2113-website\schedule\week8\commentary.mbdf
2020-02-28T05:28:53.045Z - info: Rebuilding affected source files
2020-02-28T05:28:53.047Z - info: Rebuilding 1 pages
2020-02-28T05:28:55.054Z - info: Pages rebuilt
2020-02-28T05:28:55.077Z - info: Site data built
2020-02-28T05:29:12.594Z - info: [1:29:12 PM] Reload for file change: C:\repos\nus-cs2113-AY1920S2\cs2113-website\schedule\week8\commentary.mbdf
2020-02-28T05:29:13.595Z - info: Rebuilding affected source files
2020-02-28T05:29:13.596Z - info: Rebuilding 1 pages
2020-02-28T05:29:15.961Z - info: Pages rebuilt
2020-02-28T05:29:15.998Z - info: Site data built
2020-02-28T05:45:48.069Z - info: [1:45:48 PM] Reload for file change: C:\repos\nus-cs2113-AY1920S2\cs2113-website\admin\ip-tasks.mbdf
2020-02-28T05:45:49.075Z - info: Rebuilding affected source files
2020-02-28T05:45:49.080Z - info: Rebuilding 22 pages
2020-02-28T05:46:07.893Z - info: Pages rebuilt
2020-02-28T05:46:07.906Z - info: Site data built
2020-02-28T05:56:40.917Z - info: [1:56:40 PM] Reload for file change: C:\repos\nus-cs2113-AY1920S2\cs2113-website\admin\tp-tasks.mbdf
2020-02-28T05:56:41.923Z - info: Rebuilding affected source files
2020-02-28T05:56:41.929Z - info: Rebuilding 39 pages
2020-02-28T05:57:04.686Z - info: Pages rebuilt
2020-02-28T05:57:04.700Z - info: Site data built
2020-02-28T05:57:39.075Z - info: [1:57:39 PM] Reload for file change: C:\repos\nus-cs2113-AY1920S2\cs2113-website\admin\tp-tasks.mbdf
2020-02-28T05:57:40.077Z - info: Rebuilding affected source files
2020-02-28T05:57:40.084Z - info: Rebuilding 39 pages
2020-02-28T05:58:06.124Z - info: Pages rebuilt
2020-02-28T05:58:06.139Z - info: Site data built
2020-02-28T05:59:52.830Z - info: [1:59:52 PM] Reload for file change: C:\repos\nus-cs2113-AY1920S2\cs2113-website\admin\tp-tasks.mbdf
2020-02-28T05:59:53.834Z - info: Rebuilding affected source files
2020-02-28T05:59:53.845Z - info: Rebuilding 39 pages
2020-02-28T06:00:16.634Z - info: Pages rebuilt
2020-02-28T06:00:16.640Z - info: Site data built
2020-02-28T06:00:36.724Z - info: [2:00:36 PM] Reload for file change: C:\repos\nus-cs2113-AY1920S2\cs2113-website\admin\tp-tasks.mbdf
2020-02-28T06:00:37.727Z - info: Rebuilding affected source files
2020-02-28T06:00:37.731Z - info: Rebuilding 39 pages
2020-02-28T06:01:00.492Z - info: Pages rebuilt
2020-02-28T06:01:00.498Z - info: Site data built
2020-02-28T07:06:51.846Z - info: [3:06:51 PM] Reload for file change: C:\repos\nus-cs2113-AY1920S2\cs2113-website\schedule\week8\tutorial-cs2113.mbdf
2020-02-28T07:06:52.847Z - info: Rebuilding affected source files
2020-02-28T07:06:52.850Z - info: Rebuilding 1 pages
2020-02-28T07:06:53.243Z - info: Pages rebuilt
2020-02-28T07:06:53.254Z - info: Site data built
2020-02-28T07:09:38.366Z - info: [3:09:38 PM] Reload for file change: C:\repos\nus-cs2113-AY1920S2\cs2113-website\schedule\week8\tutorial-cs2113.mbdf
2020-02-28T07:09:39.369Z - info: Rebuilding affected source files
2020-02-28T07:09:39.370Z - info: Rebuilding 1 pages
2020-02-28T07:09:39.736Z - info: Pages rebuilt
2020-02-28T07:09:39.740Z - info: Site data built
2020-02-28T07:11:16.969Z - info: [3:11:16 PM] Reload for file change: C:\repos\nus-cs2113-AY1920S2\cs2113-website\schedule\week8\tutorial-cs2113.mbdf
2020-02-28T07:11:17.971Z - info: Rebuilding affected source files
2020-02-28T07:11:17.972Z - info: Rebuilding 1 pages
2020-02-28T07:11:18.218Z - info: Pages rebuilt
2020-02-28T07:11:18.222Z - info: Site data built
2020-02-28T07:13:31.766Z - info: [3:13:31 PM] Reload for file change: C:\repos\nus-cs2113-AY1920S2\cs2113-website\schedule\week8\tutorial-cs2113.mbdf
2020-02-28T07:13:32.776Z - info: Rebuilding affected source files
2020-02-28T07:13:32.777Z - info: Rebuilding 1 pages
2020-02-28T07:13:33.017Z - info: Pages rebuilt
2020-02-28T07:13:33.021Z - info: Site data built
2020-02-28T07:15:59.025Z - info: [3:15:59 PM] Reload for file change: C:\repos\nus-cs2113-AY1920S2\cs2113-website\schedule\week8\tutorial-cs2113.mbdf
2020-02-28T07:16:00.027Z - info: Rebuilding affected source files
2020-02-28T07:16:00.029Z - info: Rebuilding 1 pages
2020-02-28T07:16:00.289Z - info: Pages rebuilt
2020-02-28T07:16:00.293Z - info: Site data built
2020-02-28T07:21:27.931Z - info: [3:21:27 PM] Reload for file change: C:\repos\nus-cs2113-AY1920S2\cs2113-website\schedule\week8\tutorial-cs2113.mbdf
2020-02-28T07:21:28.934Z - info: Rebuilding affected source files
2020-02-28T07:21:28.935Z - info: Rebuilding 1 pages
2020-02-28T07:21:29.265Z - info: Pages rebuilt
2020-02-28T07:21:29.275Z - info: Site data built
2020-02-28T07:23:30.729Z - info: [3:23:30 PM] Reload for file change: C:\repos\nus-cs2113-AY1920S2\cs2113-website\schedule\week8\tutorial-cs2113.mbdf
2020-02-28T07:23:31.730Z - info: Rebuilding affected source files
2020-02-28T07:23:31.732Z - info: Rebuilding 1 pages
2020-02-28T07:23:32.007Z - info: Pages rebuilt
2020-02-28T07:23:32.011Z - info: Site data built
2020-02-28T07:25:14.504Z - info: [3:25:14 PM] Reload for file change: C:\repos\nus-cs2113-AY1920S2\cs2113-website\schedule\week8\tutorial-cs2113.mbdf
2020-02-28T07:25:15.504Z - info: Rebuilding affected source files
2020-02-28T07:25:15.506Z - info: Rebuilding 1 pages
2020-02-28T07:25:15.749Z - info: Pages rebuilt
2020-02-28T07:25:15.753Z - info: Site data built
2020-02-28T07:26:19.161Z - info: [3:26:19 PM] Reload for file change: C:\repos\nus-cs2113-AY1920S2\cs2113-website\schedule\week8\tutorial-cs2113.mbdf
2020-02-28T07:26:20.163Z - info: Rebuilding affected source files
2020-02-28T07:26:20.164Z - info: Rebuilding 1 pages
2020-02-28T07:26:20.428Z - info: Pages rebuilt
2020-02-28T07:26:20.432Z - info: Site data built
2020-02-28T07:26:48.990Z - info: [3:26:48 PM] Reload for file change: C:\repos\nus-cs2113-AY1920S2\cs2113-website\schedule\week8\tutorial-cs2113.mbdf
2020-02-28T07:26:49.991Z - info: Rebuilding affected source files
2020-02-28T07:26:49.992Z - info: Rebuilding 1 pages
2020-02-28T07:26:50.238Z - info: Pages rebuilt
2020-02-28T07:26:50.242Z - info: Site data built
2020-02-28T07:27:43.836Z - info: [3:27:43 PM] Reload for file change: C:\repos\nus-cs2113-AY1920S2\cs2113-website\book\modeling\modelingStructures\objectDiagrams\q-essay-drawObjectDiagramForBoxEtc.md
2020-02-28T07:27:44.838Z - info: Rebuilding affected source files
2020-02-28T07:27:44.841Z - info: Rebuilding 7 pages
2020-02-28T07:27:47.157Z - debug: The process cannot access the file because it is being used by another process.

2020-02-28T07:27:47.157Z - debug: The process cannot access the file because it is being used by another process.

2020-02-28T07:27:49.231Z - debug:  
2020-02-28T07:27:49.630Z - debug:  
2020-02-28T07:27:52.272Z - info: Pages rebuilt
2020-02-28T07:27:52.314Z - info: Site data built
2020-02-28T07:34:32.315Z - info: [3:34:32 PM] Reload for file change: C:\repos\nus-cs2113-AY1920S2\cs2113-website\schedule\week8\tutorial-cs2113.mbdf
2020-02-28T07:34:33.320Z - info: Rebuilding affected source files
2020-02-28T07:34:33.322Z - info: Rebuilding 1 pages
2020-02-28T07:34:33.742Z - info: Pages rebuilt
2020-02-28T07:34:33.746Z - info: Site data built
2020-02-28T07:34:45.482Z - info: [3:34:45 PM] Reload for file change: C:\repos\nus-cs2113-AY1920S2\cs2113-website\schedule\week8\tutorial-cs2113.mbdf
2020-02-28T07:34:46.482Z - info: Rebuilding affected source files
2020-02-28T07:34:46.483Z - info: Rebuilding 1 pages
2020-02-28T07:34:46.705Z - info: Pages rebuilt
2020-02-28T07:34:46.708Z - info: Site data built
2020-02-28T07:45:29.993Z - info: [3:45:29 PM] Reload for file change: C:\repos\nus-cs2113-AY1920S2\cs2113-website\schedule\index.md
2020-02-28T07:45:30.997Z - info: Rebuilding affected source files
2020-02-28T07:45:30.998Z - info: Rebuilding 2 pages
2020-02-28T07:45:41.725Z - info: Website generation started at 3:45:40 PM
2020-02-28T07:45:44.407Z - info: Building assets...
2020-02-28T07:45:46.996Z - info: Assets built
2020-02-28T07:45:46.997Z - info: Generating pages...
2020-02-28T07:46:36.852Z - debug: The process cannot access the file because it is being used by another process.

2020-02-28T07:46:36.853Z - debug: The process cannot access the file because it is being used by another process.

2020-02-28T07:46:36.853Z - debug: The process cannot access the file because it is being used by another process.

2020-02-28T07:46:36.853Z - debug: The process cannot access the file because it is being used by another process.

2020-02-28T07:46:36.853Z - debug: The process cannot access the file because it is being used by another process.

2020-02-28T07:46:36.854Z - debug: The process cannot access the file because it is being used by another process.

2020-02-28T07:46:36.854Z - debug: The process cannot access the file because it is being used by another process.

2020-02-28T07:46:36.855Z - debug: The process cannot access the file because it is being used by another process.

2020-02-28T07:46:36.855Z - debug: The process cannot access the file because it is being used by another process.

2020-02-28T07:46:36.856Z - debug: The process cannot access the file because it is being used by another process.

2020-02-28T07:46:36.857Z - debug: The process cannot access the file because it is being used by another process.

2020-02-28T07:46:36.857Z - debug: The process cannot access the file because it is being used by another process.

2020-02-28T07:46:36.857Z - debug: The process cannot access the file because it is being used by another process.

2020-02-28T07:46:36.858Z - debug: The process cannot access the file because it is being used by another process.

2020-02-28T07:46:36.858Z - debug: The process cannot access the file because it is being used by another process.

2020-02-28T07:46:36.858Z - debug: The process cannot access the file because it is being used by another process.

2020-02-28T07:46:36.858Z - debug: The process cannot access the file because it is being used by another process.

2020-02-28T07:46:36.859Z - debug: The process cannot access the file because it is being used by another process.

2020-02-28T07:46:36.859Z - debug: The process cannot access the file because it is being used by another process.

2020-02-28T07:46:36.859Z - debug: The process cannot access the file because it is being used by another process.

2020-02-28T07:46:36.880Z - debug: The process cannot access the file because it is being used by another process.

2020-02-28T07:46:36.881Z - debug: The process cannot access the file because it is being used by another process.

2020-02-28T07:46:36.881Z - debug: The process cannot access the file because it is being used by another process.

2020-02-28T07:46:36.884Z - debug: The process cannot access the file because it is being used by another process.

2020-02-28T07:46:36.884Z - debug: The process cannot access the file because it is being used by another process.

2020-02-28T07:46:39.832Z - debug:  
2020-02-28T07:46:40.074Z - debug:  
2020-02-28T07:46:40.074Z - debug:  
2020-02-28T07:46:40.075Z - debug:  
2020-02-28T07:47:28.503Z - info: Pages built
2020-02-28T07:47:43.650Z - info: Website generation complete! Total build time: 123.35s
2020-02-28T07:47:43.975Z - info: Serving "C:\repos\nus-cs2113-AY1920S2\cs2113-website\_site" at http://127.0.0.1:8080
2020-02-28T07:47:43.975Z - info: Press CTRL+C to stop ...
2020-02-28T07:47:44.068Z - info: Site data built
2020-02-28T09:11:26.661Z - info: [5:11:26 PM] Reload for file change: C:\repos\nus-cs2113-AY1920S2\cs2113-website\admin\admin-tasks.mbdf
2020-02-28T09:11:27.669Z - info: Rebuilding affected source files
2020-02-28T09:11:27.695Z - info: Rebuilding 28 pages
2020-02-28T09:11:27.887Z - error: uncaughtException: Template render error: Template render error: Template render error: Template render error: Template render error: Template render error: Template render error: Template render error: Template render error: Template render error: (C:\repos\nus-cs2113-AY1920S2\cs2113-website\schedule\timeline.md) [Line 38, Column 1]
  unexpected token: ] date=Fri Feb 28 2020 17:11:27 GMT+0800 (Singapore Standard Time), pid=26084, uid=null, gid=null, cwd=C:\repos\nus-cs2113-AY1920S2\cs2113-website, execPath=C:\Program Files\nodejs\node.exe, version=v10.14.2, argv=[C:\Program Files\nodejs\node.exe, C:\Users\dcsdcr\AppData\Roaming\npm\node_modules\markbind-cli\index.js, serve], rss=70180864, heapTotal=225525760, heapUsed=168401704, external=606887, loadavg=[0, 0, 0], uptime=787811
Template render error: (C:\repos\nus-cs2113-AY1920S2\cs2113-website\schedule\timeline.md) [Line 38, Column 1]
  unexpected token: ]
    at Object._prettifyError (C:\Users\dcsdcr\AppData\Roaming\npm\node_modules\markbind-cli\node_modules\nunjucks\src\lib.js:36:11)
    at C:\Users\dcsdcr\AppData\Roaming\npm\node_modules\markbind-cli\node_modules\nunjucks\src\environment.js:567:19
    at eval (eval at _compile (C:\Users\dcsdcr\AppData\Roaming\npm\node_modules\markbind-cli\node_modules\nunjucks\src\environment.js:637:18), <anonymous>:19:11)
    at C:\Users\dcsdcr\AppData\Roaming\npm\node_modules\markbind-cli\node_modules\nunjucks\src\environment.js:617:9
    at eval (eval at _compile (C:\Users\dcsdcr\AppData\Roaming\npm\node_modules\markbind-cli\node_modules\nunjucks\src\environment.js:637:18), <anonymous>:19:11)
    at Template.getExported (C:\Users\dcsdcr\AppData\Roaming\npm\node_modules\markbind-cli\node_modules\nunjucks\src\environment.js:605:16)
    at eval (eval at _compile (C:\Users\dcsdcr\AppData\Roaming\npm\node_modules\markbind-cli\node_modules\nunjucks\src\environment.js:637:18), <anonymous>:18:5)
    at createTemplate (C:\Users\dcsdcr\AppData\Roaming\npm\node_modules\markbind-cli\node_modules\nunjucks\src\environment.js:315:9)
    at handle (C:\Users\dcsdcr\AppData\Roaming\npm\node_modules\markbind-cli\node_modules\nunjucks\src\environment.js:327:11)
    at C:\Users\dcsdcr\AppData\Roaming\npm\node_modules\markbind-cli\node_modules\nunjucks\src\environment.js:339:9
    at next (C:\Users\dcsdcr\AppData\Roaming\npm\node_modules\markbind-cli\node_modules\nunjucks\src\lib.js:280:7)
    at Object.asyncIter (C:\Users\dcsdcr\AppData\Roaming\npm\node_modules\markbind-cli\node_modules\nunjucks\src\lib.js:286:3)
    at Environment.getTemplate (C:\Users\dcsdcr\AppData\Roaming\npm\node_modules\markbind-cli\node_modules\nunjucks\src\environment.js:321:9)
    at eval (eval at _compile (C:\Users\dcsdcr\AppData\Roaming\npm\node_modules\markbind-cli\node_modules\nunjucks\src\environment.js:637:18), <anonymous>:16:5)
    at C:\Users\dcsdcr\AppData\Roaming\npm\node_modules\markbind-cli\node_modules\nunjucks\src\environment.js:619:9
    at eval (eval at _compile (C:\Users\dcsdcr\AppData\Roaming\npm\node_modules\markbind-cli\node_modules\nunjucks\src\environment.js:637:18), <anonymous>:1188:1)
2020-02-28T09:11:27.893Z - error: uncaughtException: Template render error: Template render error: Template render error: Template render error: Template render error: Template render error: (C:\repos\nus-cs2113-AY1920S2\cs2113-website\schedule\week10\admin.md) [Line 38, Column 1]
  unexpected token: ] date=Fri Feb 28 2020 17:11:27 GMT+0800 (Singapore Standard Time), pid=26084, uid=null, gid=null, cwd=C:\repos\nus-cs2113-AY1920S2\cs2113-website, execPath=C:\Program Files\nodejs\node.exe, version=v10.14.2, argv=[C:\Program Files\nodejs\node.exe, C:\Users\dcsdcr\AppData\Roaming\npm\node_modules\markbind-cli\index.js, serve], rss=71442432, heapTotal=225525760, heapUsed=169304584, external=606887, loadavg=[0, 0, 0], uptime=787811
Template render error: (C:\repos\nus-cs2113-AY1920S2\cs2113-website\schedule\week10\admin.md) [Line 38, Column 1]
  unexpected token: ]
    at Object._prettifyError (C:\Users\dcsdcr\AppData\Roaming\npm\node_modules\markbind-cli\node_modules\nunjucks\src\lib.js:36:11)
    at C:\Users\dcsdcr\AppData\Roaming\npm\node_modules\markbind-cli\node_modules\nunjucks\src\environment.js:567:19
    at eval (eval at _compile (C:\Users\dcsdcr\AppData\Roaming\npm\node_modules\markbind-cli\node_modules\nunjucks\src\environment.js:637:18), <anonymous>:12:11)
    at C:\Users\dcsdcr\AppData\Roaming\npm\node_modules\markbind-cli\node_modules\nunjucks\src\environment.js:617:9
    at eval (eval at _compile (C:\Users\dcsdcr\AppData\Roaming\npm\node_modules\markbind-cli\node_modules\nunjucks\src\environment.js:637:18), <anonymous>:19:11)
    at Template.getExported (C:\Users\dcsdcr\AppData\Roaming\npm\node_modules\markbind-cli\node_modules\nunjucks\src\environment.js:605:16)
    at eval (eval at _compile (C:\Users\dcsdcr\AppData\Roaming\npm\node_modules\markbind-cli\node_modules\nunjucks\src\environment.js:637:18), <anonymous>:18:5)
    at Environment.getTemplate (C:\Users\dcsdcr\AppData\Roaming\npm\node_modules\markbind-cli\node_modules\nunjucks\src\environment.js:279:9)
    at eval (eval at _compile (C:\Users\dcsdcr\AppData\Roaming\npm\node_modules\markbind-cli\node_modules\nunjucks\src\environment.js:637:18), <anonymous>:16:5)
    at C:\Users\dcsdcr\AppData\Roaming\npm\node_modules\markbind-cli\node_modules\nunjucks\src\environment.js:619:9
    at eval (eval at _compile (C:\Users\dcsdcr\AppData\Roaming\npm\node_modules\markbind-cli\node_modules\nunjucks\src\environment.js:637:18), <anonymous>:1188:1)
    at C:\Users\dcsdcr\AppData\Roaming\npm\node_modules\markbind-cli\node_modules\nunjucks\src\environment.js:619:9
    at eval (eval at _compile (C:\Users\dcsdcr\AppData\Roaming\npm\node_modules\markbind-cli\node_modules\nunjucks\src\environment.js:637:18), <anonymous>:676:1)
    at C:\Users\dcsdcr\AppData\Roaming\npm\node_modules\markbind-cli\node_modules\nunjucks\src\environment.js:619:9
    at Template.root [as rootRenderFunc] (eval at _compile (C:\Users\dcsdcr\AppData\Roaming\npm\node_modules\markbind-cli\node_modules\nunjucks\src\environment.js:637:18), <anonymous>:245:1)
    at Template.getExported (C:\Users\dcsdcr\AppData\Roaming\npm\node_modules\markbind-cli\node_modules\nunjucks\src\environment.js:615:10)
2020-02-28T09:11:27.897Z - error: uncaughtException: Template render error: Template render error: Template render error: Template render error: Template render error: Template render error: (C:\repos\nus-cs2113-AY1920S2\cs2113-website\schedule\week1\admin.md) [Line 38, Column 1]
  unexpected token: ] date=Fri Feb 28 2020 17:11:27 GMT+0800 (Singapore Standard Time), pid=26084, uid=null, gid=null, cwd=C:\repos\nus-cs2113-AY1920S2\cs2113-website, execPath=C:\Program Files\nodejs\node.exe, version=v10.14.2, argv=[C:\Program Files\nodejs\node.exe, C:\Users\dcsdcr\AppData\Roaming\npm\node_modules\markbind-cli\index.js, serve], rss=71487488, heapTotal=225525760, heapUsed=170170720, external=615079, loadavg=[0, 0, 0], uptime=787811
Template render error: (C:\repos\nus-cs2113-AY1920S2\cs2113-website\schedule\week1\admin.md) [Line 38, Column 1]
  unexpected token: ]
    at Object._prettifyError (C:\Users\dcsdcr\AppData\Roaming\npm\node_modules\markbind-cli\node_modules\nunjucks\src\lib.js:36:11)
    at C:\Users\dcsdcr\AppData\Roaming\npm\node_modules\markbind-cli\node_modules\nunjucks\src\environment.js:567:19
    at eval (eval at _compile (C:\Users\dcsdcr\AppData\Roaming\npm\node_modules\markbind-cli\node_modules\nunjucks\src\environment.js:637:18), <anonymous>:12:11)
    at C:\Users\dcsdcr\AppData\Roaming\npm\node_modules\markbind-cli\node_modules\nunjucks\src\environment.js:617:9
    at eval (eval at _compile (C:\Users\dcsdcr\AppData\Roaming\npm\node_modules\markbind-cli\node_modules\nunjucks\src\environment.js:637:18), <anonymous>:19:11)
    at Template.getExported (C:\Users\dcsdcr\AppData\Roaming\npm\node_modules\markbind-cli\node_modules\nunjucks\src\environment.js:605:16)
    at eval (eval at _compile (C:\Users\dcsdcr\AppData\Roaming\npm\node_modules\markbind-cli\node_modules\nunjucks\src\environment.js:637:18), <anonymous>:18:5)
    at Environment.getTemplate (C:\Users\dcsdcr\AppData\Roaming\npm\node_modules\markbind-cli\node_modules\nunjucks\src\environment.js:279:9)
    at eval (eval at _compile (C:\Users\dcsdcr\AppData\Roaming\npm\node_modules\markbind-cli\node_modules\nunjucks\src\environment.js:637:18), <anonymous>:16:5)
    at C:\Users\dcsdcr\AppData\Roaming\npm\node_modules\markbind-cli\node_modules\nunjucks\src\environment.js:619:9
    at eval (eval at _compile (C:\Users\dcsdcr\AppData\Roaming\npm\node_modules\markbind-cli\node_modules\nunjucks\src\environment.js:637:18), <anonymous>:1188:1)
    at C:\Users\dcsdcr\AppData\Roaming\npm\node_modules\markbind-cli\node_modules\nunjucks\src\environment.js:619:9
    at eval (eval at _compile (C:\Users\dcsdcr\AppData\Roaming\npm\node_modules\markbind-cli\node_modules\nunjucks\src\environment.js:637:18), <anonymous>:676:1)
    at C:\Users\dcsdcr\AppData\Roaming\npm\node_modules\markbind-cli\node_modules\nunjucks\src\environment.js:619:9
    at Template.root [as rootRenderFunc] (eval at _compile (C:\Users\dcsdcr\AppData\Roaming\npm\node_modules\markbind-cli\node_modules\nunjucks\src\environment.js:637:18), <anonymous>:245:1)
    at Template.getExported (C:\Users\dcsdcr\AppData\Roaming\npm\node_modules\markbind-cli\node_modules\nunjucks\src\environment.js:615:10)
2020-02-28T09:11:27.903Z - error: uncaughtException: Template render error: Template render error: Template render error: Template render error: Template render error: Template render error: (C:\repos\nus-cs2113-AY1920S2\cs2113-website\schedule\week11\admin.md) [Line 38, Column 1]
  unexpected token: ] date=Fri Feb 28 2020 17:11:27 GMT+0800 (Singapore Standard Time), pid=26084, uid=null, gid=null, cwd=C:\repos\nus-cs2113-AY1920S2\cs2113-website, execPath=C:\Program Files\nodejs\node.exe, version=v10.14.2, argv=[C:\Program Files\nodejs\node.exe, C:\Users\dcsdcr\AppData\Roaming\npm\node_modules\markbind-cli\index.js, serve], rss=71704576, heapTotal=225525760, heapUsed=167905840, external=610281, loadavg=[0, 0, 0], uptime=787811
Template render error: (C:\repos\nus-cs2113-AY1920S2\cs2113-website\schedule\week11\admin.md) [Line 38, Column 1]
  unexpected token: ]
    at Object._prettifyError (C:\Users\dcsdcr\AppData\Roaming\npm\node_modules\markbind-cli\node_modules\nunjucks\src\lib.js:36:11)
    at C:\Users\dcsdcr\AppData\Roaming\npm\node_modules\markbind-cli\node_modules\nunjucks\src\environment.js:567:19
    at eval (eval at _compile (C:\Users\dcsdcr\AppData\Roaming\npm\node_modules\markbind-cli\node_modules\nunjucks\src\environment.js:637:18), <anonymous>:12:11)
    at C:\Users\dcsdcr\AppData\Roaming\npm\node_modules\markbind-cli\node_modules\nunjucks\src\environment.js:617:9
    at eval (eval at _compile (C:\Users\dcsdcr\AppData\Roaming\npm\node_modules\markbind-cli\node_modules\nunjucks\src\environment.js:637:18), <anonymous>:19:11)
    at Template.getExported (C:\Users\dcsdcr\AppData\Roaming\npm\node_modules\markbind-cli\node_modules\nunjucks\src\environment.js:605:16)
    at eval (eval at _compile (C:\Users\dcsdcr\AppData\Roaming\npm\node_modules\markbind-cli\node_modules\nunjucks\src\environment.js:637:18), <anonymous>:18:5)
    at Environment.getTemplate (C:\Users\dcsdcr\AppData\Roaming\npm\node_modules\markbind-cli\node_modules\nunjucks\src\environment.js:279:9)
    at eval (eval at _compile (C:\Users\dcsdcr\AppData\Roaming\npm\node_modules\markbind-cli\node_modules\nunjucks\src\environment.js:637:18), <anonymous>:16:5)
    at C:\Users\dcsdcr\AppData\Roaming\npm\node_modules\markbind-cli\node_modules\nunjucks\src\environment.js:619:9
    at eval (eval at _compile (C:\Users\dcsdcr\AppData\Roaming\npm\node_modules\markbind-cli\node_modules\nunjucks\src\environment.js:637:18), <anonymous>:1188:1)
    at C:\Users\dcsdcr\AppData\Roaming\npm\node_modules\markbind-cli\node_modules\nunjucks\src\environment.js:619:9
    at eval (eval at _compile (C:\Users\dcsdcr\AppData\Roaming\npm\node_modules\markbind-cli\node_modules\nunjucks\src\environment.js:637:18), <anonymous>:676:1)
    at C:\Users\dcsdcr\AppData\Roaming\npm\node_modules\markbind-cli\node_modules\nunjucks\src\environment.js:619:9
    at Template.root [as rootRenderFunc] (eval at _compile (C:\Users\dcsdcr\AppData\Roaming\npm\node_modules\markbind-cli\node_modules\nunjucks\src\environment.js:637:18), <anonymous>:245:1)
    at Template.getExported (C:\Users\dcsdcr\AppData\Roaming\npm\node_modules\markbind-cli\node_modules\nunjucks\src\environment.js:615:10)
2020-02-28T09:11:27.908Z - error: uncaughtException: Template render error: Template render error: Template render error: Template render error: Template render error: Template render error: (C:\repos\nus-cs2113-AY1920S2\cs2113-website\schedule\week12\admin.md) [Line 38, Column 1]
  unexpected token: ] date=Fri Feb 28 2020 17:11:27 GMT+0800 (Singapore Standard Time), pid=26084, uid=null, gid=null, cwd=C:\repos\nus-cs2113-AY1920S2\cs2113-website, execPath=C:\Program Files\nodejs\node.exe, version=v10.14.2, argv=[C:\Program Files\nodejs\node.exe, C:\Users\dcsdcr\AppData\Roaming\npm\node_modules\markbind-cli\index.js, serve], rss=71741440, heapTotal=225525760, heapUsed=168767520, external=618473, loadavg=[0, 0, 0], uptime=787811
Template render error: (C:\repos\nus-cs2113-AY1920S2\cs2113-website\schedule\week12\admin.md) [Line 38, Column 1]
  unexpected token: ]
    at Object._prettifyError (C:\Users\dcsdcr\AppData\Roaming\npm\node_modules\markbind-cli\node_modules\nunjucks\src\lib.js:36:11)
    at C:\Users\dcsdcr\AppData\Roaming\npm\node_modules\markbind-cli\node_modules\nunjucks\src\environment.js:567:19
    at eval (eval at _compile (C:\Users\dcsdcr\AppData\Roaming\npm\node_modules\markbind-cli\node_modules\nunjucks\src\environment.js:637:18), <anonymous>:12:11)
    at C:\Users\dcsdcr\AppData\Roaming\npm\node_modules\markbind-cli\node_modules\nunjucks\src\environment.js:617:9
    at eval (eval at _compile (C:\Users\dcsdcr\AppData\Roaming\npm\node_modules\markbind-cli\node_modules\nunjucks\src\environment.js:637:18), <anonymous>:19:11)
    at Template.getExported (C:\Users\dcsdcr\AppData\Roaming\npm\node_modules\markbind-cli\node_modules\nunjucks\src\environment.js:605:16)
    at eval (eval at _compile (C:\Users\dcsdcr\AppData\Roaming\npm\node_modules\markbind-cli\node_modules\nunjucks\src\environment.js:637:18), <anonymous>:18:5)
    at Environment.getTemplate (C:\Users\dcsdcr\AppData\Roaming\npm\node_modules\markbind-cli\node_modules\nunjucks\src\environment.js:279:9)
    at eval (eval at _compile (C:\Users\dcsdcr\AppData\Roaming\npm\node_modules\markbind-cli\node_modules\nunjucks\src\environment.js:637:18), <anonymous>:16:5)
    at C:\Users\dcsdcr\AppData\Roaming\npm\node_modules\markbind-cli\node_modules\nunjucks\src\environment.js:619:9
    at eval (eval at _compile (C:\Users\dcsdcr\AppData\Roaming\npm\node_modules\markbind-cli\node_modules\nunjucks\src\environment.js:637:18), <anonymous>:1188:1)
    at C:\Users\dcsdcr\AppData\Roaming\npm\node_modules\markbind-cli\node_modules\nunjucks\src\environment.js:619:9
    at eval (eval at _compile (C:\Users\dcsdcr\AppData\Roaming\npm\node_modules\markbind-cli\node_modules\nunjucks\src\environment.js:637:18), <anonymous>:676:1)
    at C:\Users\dcsdcr\AppData\Roaming\npm\node_modules\markbind-cli\node_modules\nunjucks\src\environment.js:619:9
    at Template.root [as rootRenderFunc] (eval at _compile (C:\Users\dcsdcr\AppData\Roaming\npm\node_modules\markbind-cli\node_modules\nunjucks\src\environment.js:637:18), <anonymous>:245:1)
    at Template.getExported (C:\Users\dcsdcr\AppData\Roaming\npm\node_modules\markbind-cli\node_modules\nunjucks\src\environment.js:615:10)
2020-02-28T09:11:27.913Z - error: uncaughtException: Template render error: Template render error: Template render error: Template render error: Template render error: Template render error: (C:\repos\nus-cs2113-AY1920S2\cs2113-website\schedule\week13\admin.md) [Line 38, Column 1]
  unexpected token: ] date=Fri Feb 28 2020 17:11:27 GMT+0800 (Singapore Standard Time), pid=26084, uid=null, gid=null, cwd=C:\repos\nus-cs2113-AY1920S2\cs2113-website, execPath=C:\Program Files\nodejs\node.exe, version=v10.14.2, argv=[C:\Program Files\nodejs\node.exe, C:\Users\dcsdcr\AppData\Roaming\npm\node_modules\markbind-cli\index.js, serve], rss=71753728, heapTotal=225525760, heapUsed=169628664, external=626665, loadavg=[0, 0, 0], uptime=787811
Template render error: (C:\repos\nus-cs2113-AY1920S2\cs2113-website\schedule\week13\admin.md) [Line 38, Column 1]
  unexpected token: ]
    at Object._prettifyError (C:\Users\dcsdcr\AppData\Roaming\npm\node_modules\markbind-cli\node_modules\nunjucks\src\lib.js:36:11)
    at C:\Users\dcsdcr\AppData\Roaming\npm\node_modules\markbind-cli\node_modules\nunjucks\src\environment.js:567:19
    at eval (eval at _compile (C:\Users\dcsdcr\AppData\Roaming\npm\node_modules\markbind-cli\node_modules\nunjucks\src\environment.js:637:18), <anonymous>:12:11)
    at C:\Users\dcsdcr\AppData\Roaming\npm\node_modules\markbind-cli\node_modules\nunjucks\src\environment.js:617:9
    at eval (eval at _compile (C:\Users\dcsdcr\AppData\Roaming\npm\node_modules\markbind-cli\node_modules\nunjucks\src\environment.js:637:18), <anonymous>:19:11)
    at Template.getExported (C:\Users\dcsdcr\AppData\Roaming\npm\node_modules\markbind-cli\node_modules\nunjucks\src\environment.js:605:16)
    at eval (eval at _compile (C:\Users\dcsdcr\AppData\Roaming\npm\node_modules\markbind-cli\node_modules\nunjucks\src\environment.js:637:18), <anonymous>:18:5)
    at Environment.getTemplate (C:\Users\dcsdcr\AppData\Roaming\npm\node_modules\markbind-cli\node_modules\nunjucks\src\environment.js:279:9)
    at eval (eval at _compile (C:\Users\dcsdcr\AppData\Roaming\npm\node_modules\markbind-cli\node_modules\nunjucks\src\environment.js:637:18), <anonymous>:16:5)
    at C:\Users\dcsdcr\AppData\Roaming\npm\node_modules\markbind-cli\node_modules\nunjucks\src\environment.js:619:9
    at eval (eval at _compile (C:\Users\dcsdcr\AppData\Roaming\npm\node_modules\markbind-cli\node_modules\nunjucks\src\environment.js:637:18), <anonymous>:1188:1)
    at C:\Users\dcsdcr\AppData\Roaming\npm\node_modules\markbind-cli\node_modules\nunjucks\src\environment.js:619:9
    at eval (eval at _compile (C:\Users\dcsdcr\AppData\Roaming\npm\node_modules\markbind-cli\node_modules\nunjucks\src\environment.js:637:18), <anonymous>:676:1)
    at C:\Users\dcsdcr\AppData\Roaming\npm\node_modules\markbind-cli\node_modules\nunjucks\src\environment.js:619:9
    at Template.root [as rootRenderFunc] (eval at _compile (C:\Users\dcsdcr\AppData\Roaming\npm\node_modules\markbind-cli\node_modules\nunjucks\src\environment.js:637:18), <anonymous>:245:1)
    at Template.getExported (C:\Users\dcsdcr\AppData\Roaming\npm\node_modules\markbind-cli\node_modules\nunjucks\src\environment.js:615:10)
2020-02-28T09:11:27.921Z - error: uncaughtException: Template render error: Template render error: Template render error: Template render error: Template render error: Template render error: (C:\repos\nus-cs2113-AY1920S2\cs2113-website\schedule\week2\admin.md) [Line 38, Column 1]
  unexpected token: ] date=Fri Feb 28 2020 17:11:27 GMT+0800 (Singapore Standard Time), pid=26084, uid=null, gid=null, cwd=C:\repos\nus-cs2113-AY1920S2\cs2113-website, execPath=C:\Program Files\nodejs\node.exe, version=v10.14.2, argv=[C:\Program Files\nodejs\node.exe, C:\Users\dcsdcr\AppData\Roaming\npm\node_modules\markbind-cli\index.js, serve], rss=71774208, heapTotal=225525760, heapUsed=170489784, external=634857, loadavg=[0, 0, 0], uptime=787811
Template render error: (C:\repos\nus-cs2113-AY1920S2\cs2113-website\schedule\week2\admin.md) [Line 38, Column 1]
  unexpected token: ]
    at Object._prettifyError (C:\Users\dcsdcr\AppData\Roaming\npm\node_modules\markbind-cli\node_modules\nunjucks\src\lib.js:36:11)
    at C:\Users\dcsdcr\AppData\Roaming\npm\node_modules\markbind-cli\node_modules\nunjucks\src\environment.js:567:19
    at eval (eval at _compile (C:\Users\dcsdcr\AppData\Roaming\npm\node_modules\markbind-cli\node_modules\nunjucks\src\environment.js:637:18), <anonymous>:12:11)
    at C:\Users\dcsdcr\AppData\Roaming\npm\node_modules\markbind-cli\node_modules\nunjucks\src\environment.js:617:9
    at eval (eval at _compile (C:\Users\dcsdcr\AppData\Roaming\npm\node_modules\markbind-cli\node_modules\nunjucks\src\environment.js:637:18), <anonymous>:19:11)
    at Template.getExported (C:\Users\dcsdcr\AppData\Roaming\npm\node_modules\markbind-cli\node_modules\nunjucks\src\environment.js:605:16)
    at eval (eval at _compile (C:\Users\dcsdcr\AppData\Roaming\npm\node_modules\markbind-cli\node_modules\nunjucks\src\environment.js:637:18), <anonymous>:18:5)
    at Environment.getTemplate (C:\Users\dcsdcr\AppData\Roaming\npm\node_modules\markbind-cli\node_modules\nunjucks\src\environment.js:279:9)
    at eval (eval at _compile (C:\Users\dcsdcr\AppData\Roaming\npm\node_modules\markbind-cli\node_modules\nunjucks\src\environment.js:637:18), <anonymous>:16:5)
    at C:\Users\dcsdcr\AppData\Roaming\npm\node_modules\markbind-cli\node_modules\nunjucks\src\environment.js:619:9
    at eval (eval at _compile (C:\Users\dcsdcr\AppData\Roaming\npm\node_modules\markbind-cli\node_modules\nunjucks\src\environment.js:637:18), <anonymous>:1188:1)
    at C:\Users\dcsdcr\AppData\Roaming\npm\node_modules\markbind-cli\node_modules\nunjucks\src\environment.js:619:9
    at eval (eval at _compile (C:\Users\dcsdcr\AppData\Roaming\npm\node_modules\markbind-cli\node_modules\nunjucks\src\environment.js:637:18), <anonymous>:676:1)
    at C:\Users\dcsdcr\AppData\Roaming\npm\node_modules\markbind-cli\node_modules\nunjucks\src\environment.js:619:9
    at Template.root [as rootRenderFunc] (eval at _compile (C:\Users\dcsdcr\AppData\Roaming\npm\node_modules\markbind-cli\node_modules\nunjucks\src\environment.js:637:18), <anonymous>:245:1)
    at Template.getExported (C:\Users\dcsdcr\AppData\Roaming\npm\node_modules\markbind-cli\node_modules\nunjucks\src\environment.js:615:10)
2020-02-28T09:11:27.927Z - error: uncaughtException: Template render error: Template render error: Template render error: Template render error: Template render error: Template render error: (C:\repos\nus-cs2113-AY1920S2\cs2113-website\schedule\week3\admin.md) [Line 38, Column 1]
  unexpected token: ] date=Fri Feb 28 2020 17:11:27 GMT+0800 (Singapore Standard Time), pid=26084, uid=null, gid=null, cwd=C:\repos\nus-cs2113-AY1920S2\cs2113-website, execPath=C:\Program Files\nodejs\node.exe, version=v10.14.2, argv=[C:\Program Files\nodejs\node.exe, C:\Users\dcsdcr\AppData\Roaming\npm\node_modules\markbind-cli\index.js, serve], rss=73129984, heapTotal=226050048, heapUsed=168903232, external=643049, loadavg=[0, 0, 0], uptime=787811
Template render error: (C:\repos\nus-cs2113-AY1920S2\cs2113-website\schedule\week3\admin.md) [Line 38, Column 1]
  unexpected token: ]
    at Object._prettifyError (C:\Users\dcsdcr\AppData\Roaming\npm\node_modules\markbind-cli\node_modules\nunjucks\src\lib.js:36:11)
    at C:\Users\dcsdcr\AppData\Roaming\npm\node_modules\markbind-cli\node_modules\nunjucks\src\environment.js:567:19
    at eval (eval at _compile (C:\Users\dcsdcr\AppData\Roaming\npm\node_modules\markbind-cli\node_modules\nunjucks\src\environment.js:637:18), <anonymous>:12:11)
    at C:\Users\dcsdcr\AppData\Roaming\npm\node_modules\markbind-cli\node_modules\nunjucks\src\environment.js:617:9
    at eval (eval at _compile (C:\Users\dcsdcr\AppData\Roaming\npm\node_modules\markbind-cli\node_modules\nunjucks\src\environment.js:637:18), <anonymous>:19:11)
    at Template.getExported (C:\Users\dcsdcr\AppData\Roaming\npm\node_modules\markbind-cli\node_modules\nunjucks\src\environment.js:605:16)
    at eval (eval at _compile (C:\Users\dcsdcr\AppData\Roaming\npm\node_modules\markbind-cli\node_modules\nunjucks\src\environment.js:637:18), <anonymous>:18:5)
    at Environment.getTemplate (C:\Users\dcsdcr\AppData\Roaming\npm\node_modules\markbind-cli\node_modules\nunjucks\src\environment.js:279:9)
    at eval (eval at _compile (C:\Users\dcsdcr\AppData\Roaming\npm\node_modules\markbind-cli\node_modules\nunjucks\src\environment.js:637:18), <anonymous>:16:5)
    at C:\Users\dcsdcr\AppData\Roaming\npm\node_modules\markbind-cli\node_modules\nunjucks\src\environment.js:619:9
    at eval (eval at _compile (C:\Users\dcsdcr\AppData\Roaming\npm\node_modules\markbind-cli\node_modules\nunjucks\src\environment.js:637:18), <anonymous>:1188:1)
    at C:\Users\dcsdcr\AppData\Roaming\npm\node_modules\markbind-cli\node_modules\nunjucks\src\environment.js:619:9
    at eval (eval at _compile (C:\Users\dcsdcr\AppData\Roaming\npm\node_modules\markbind-cli\node_modules\nunjucks\src\environment.js:637:18), <anonymous>:676:1)
    at C:\Users\dcsdcr\AppData\Roaming\npm\node_modules\markbind-cli\node_modules\nunjucks\src\environment.js:619:9
    at Template.root [as rootRenderFunc] (eval at _compile (C:\Users\dcsdcr\AppData\Roaming\npm\node_modules\markbind-cli\node_modules\nunjucks\src\environment.js:637:18), <anonymous>:245:1)
    at Template.getExported (C:\Users\dcsdcr\AppData\Roaming\npm\node_modules\markbind-cli\node_modules\nunjucks\src\environment.js:615:10)
2020-02-28T09:11:27.931Z - error: uncaughtException: Template render error: Template render error: Template render error: Template render error: Template render error: Template render error: (C:\repos\nus-cs2113-AY1920S2\cs2113-website\schedule\week4\admin.md) [Line 38, Column 1]
  unexpected token: ] date=Fri Feb 28 2020 17:11:27 GMT+0800 (Singapore Standard Time), pid=26084, uid=null, gid=null, cwd=C:\repos\nus-cs2113-AY1920S2\cs2113-website, execPath=C:\Program Files\nodejs\node.exe, version=v10.14.2, argv=[C:\Program Files\nodejs\node.exe, C:\Users\dcsdcr\AppData\Roaming\npm\node_modules\markbind-cli\index.js, serve], rss=73154560, heapTotal=226050048, heapUsed=169766536, external=651241, loadavg=[0, 0, 0], uptime=787811
Template render error: (C:\repos\nus-cs2113-AY1920S2\cs2113-website\schedule\week4\admin.md) [Line 38, Column 1]
  unexpected token: ]
    at Object._prettifyError (C:\Users\dcsdcr\AppData\Roaming\npm\node_modules\markbind-cli\node_modules\nunjucks\src\lib.js:36:11)
    at C:\Users\dcsdcr\AppData\Roaming\npm\node_modules\markbind-cli\node_modules\nunjucks\src\environment.js:567:19
    at eval (eval at _compile (C:\Users\dcsdcr\AppData\Roaming\npm\node_modules\markbind-cli\node_modules\nunjucks\src\environment.js:637:18), <anonymous>:12:11)
    at C:\Users\dcsdcr\AppData\Roaming\npm\node_modules\markbind-cli\node_modules\nunjucks\src\environment.js:617:9
    at eval (eval at _compile (C:\Users\dcsdcr\AppData\Roaming\npm\node_modules\markbind-cli\node_modules\nunjucks\src\environment.js:637:18), <anonymous>:19:11)
    at Template.getExported (C:\Users\dcsdcr\AppData\Roaming\npm\node_modules\markbind-cli\node_modules\nunjucks\src\environment.js:605:16)
    at eval (eval at _compile (C:\Users\dcsdcr\AppData\Roaming\npm\node_modules\markbind-cli\node_modules\nunjucks\src\environment.js:637:18), <anonymous>:18:5)
    at Environment.getTemplate (C:\Users\dcsdcr\AppData\Roaming\npm\node_modules\markbind-cli\node_modules\nunjucks\src\environment.js:279:9)
    at eval (eval at _compile (C:\Users\dcsdcr\AppData\Roaming\npm\node_modules\markbind-cli\node_modules\nunjucks\src\environment.js:637:18), <anonymous>:16:5)
    at C:\Users\dcsdcr\AppData\Roaming\npm\node_modules\markbind-cli\node_modules\nunjucks\src\environment.js:619:9
    at eval (eval at _compile (C:\Users\dcsdcr\AppData\Roaming\npm\node_modules\markbind-cli\node_modules\nunjucks\src\environment.js:637:18), <anonymous>:1188:1)
    at C:\Users\dcsdcr\AppData\Roaming\npm\node_modules\markbind-cli\node_modules\nunjucks\src\environment.js:619:9
    at eval (eval at _compile (C:\Users\dcsdcr\AppData\Roaming\npm\node_modules\markbind-cli\node_modules\nunjucks\src\environment.js:637:18), <anonymous>:676:1)
    at C:\Users\dcsdcr\AppData\Roaming\npm\node_modules\markbind-cli\node_modules\nunjucks\src\environment.js:619:9
    at Template.root [as rootRenderFunc] (eval at _compile (C:\Users\dcsdcr\AppData\Roaming\npm\node_modules\markbind-cli\node_modules\nunjucks\src\environment.js:637:18), <anonymous>:245:1)
    at Template.getExported (C:\Users\dcsdcr\AppData\Roaming\npm\node_modules\markbind-cli\node_modules\nunjucks\src\environment.js:615:10)
2020-02-28T09:11:27.936Z - error: uncaughtException: Template render error: Template render error: Template render error: Template render error: Template render error: Template render error: (C:\repos\nus-cs2113-AY1920S2\cs2113-website\schedule\week5\admin.md) [Line 38, Column 1]
  unexpected token: ] date=Fri Feb 28 2020 17:11:27 GMT+0800 (Singapore Standard Time), pid=26084, uid=null, gid=null, cwd=C:\repos\nus-cs2113-AY1920S2\cs2113-website, execPath=C:\Program Files\nodejs\node.exe, version=v10.14.2, argv=[C:\Program Files\nodejs\node.exe, C:\Users\dcsdcr\AppData\Roaming\npm\node_modules\markbind-cli\index.js, serve], rss=73183232, heapTotal=226050048, heapUsed=170629856, external=659433, loadavg=[0, 0, 0], uptime=787811
Template render error: (C:\repos\nus-cs2113-AY1920S2\cs2113-website\schedule\week5\admin.md) [Line 38, Column 1]
  unexpected token: ]
    at Object._prettifyError (C:\Users\dcsdcr\AppData\Roaming\npm\node_modules\markbind-cli\node_modules\nunjucks\src\lib.js:36:11)
    at C:\Users\dcsdcr\AppData\Roaming\npm\node_modules\markbind-cli\node_modules\nunjucks\src\environment.js:567:19
    at eval (eval at _compile (C:\Users\dcsdcr\AppData\Roaming\npm\node_modules\markbind-cli\node_modules\nunjucks\src\environment.js:637:18), <anonymous>:12:11)
    at C:\Users\dcsdcr\AppData\Roaming\npm\node_modules\markbind-cli\node_modules\nunjucks\src\environment.js:617:9
    at eval (eval at _compile (C:\Users\dcsdcr\AppData\Roaming\npm\node_modules\markbind-cli\node_modules\nunjucks\src\environment.js:637:18), <anonymous>:19:11)
    at Template.getExported (C:\Users\dcsdcr\AppData\Roaming\npm\node_modules\markbind-cli\node_modules\nunjucks\src\environment.js:605:16)
    at eval (eval at _compile (C:\Users\dcsdcr\AppData\Roaming\npm\node_modules\markbind-cli\node_modules\nunjucks\src\environment.js:637:18), <anonymous>:18:5)
    at Environment.getTemplate (C:\Users\dcsdcr\AppData\Roaming\npm\node_modules\markbind-cli\node_modules\nunjucks\src\environment.js:279:9)
    at eval (eval at _compile (C:\Users\dcsdcr\AppData\Roaming\npm\node_modules\markbind-cli\node_modules\nunjucks\src\environment.js:637:18), <anonymous>:16:5)
    at C:\Users\dcsdcr\AppData\Roaming\npm\node_modules\markbind-cli\node_modules\nunjucks\src\environment.js:619:9
    at eval (eval at _compile (C:\Users\dcsdcr\AppData\Roaming\npm\node_modules\markbind-cli\node_modules\nunjucks\src\environment.js:637:18), <anonymous>:1188:1)
    at C:\Users\dcsdcr\AppData\Roaming\npm\node_modules\markbind-cli\node_modules\nunjucks\src\environment.js:619:9
    at eval (eval at _compile (C:\Users\dcsdcr\AppData\Roaming\npm\node_modules\markbind-cli\node_modules\nunjucks\src\environment.js:637:18), <anonymous>:676:1)
    at C:\Users\dcsdcr\AppData\Roaming\npm\node_modules\markbind-cli\node_modules\nunjucks\src\environment.js:619:9
    at Template.root [as rootRenderFunc] (eval at _compile (C:\Users\dcsdcr\AppData\Roaming\npm\node_modules\markbind-cli\node_modules\nunjucks\src\environment.js:637:18), <anonymous>:245:1)
    at Template.getExported (C:\Users\dcsdcr\AppData\Roaming\npm\node_modules\markbind-cli\node_modules\nunjucks\src\environment.js:615:10)
2020-02-28T09:11:27.944Z - error: uncaughtException: Template render error: Template render error: Template render error: Template render error: Template render error: Template render error: (C:\repos\nus-cs2113-AY1920S2\cs2113-website\schedule\week6\admin.md) [Line 38, Column 1]
  unexpected token: ] date=Fri Feb 28 2020 17:11:27 GMT+0800 (Singapore Standard Time), pid=26084, uid=null, gid=null, cwd=C:\repos\nus-cs2113-AY1920S2\cs2113-website, execPath=C:\Program Files\nodejs\node.exe, version=v10.14.2, argv=[C:\Program Files\nodejs\node.exe, C:\Users\dcsdcr\AppData\Roaming\npm\node_modules\markbind-cli\index.js, serve], rss=74203136, heapTotal=234438656, heapUsed=168880664, external=667625, loadavg=[0, 0, 0], uptime=787811
Template render error: (C:\repos\nus-cs2113-AY1920S2\cs2113-website\schedule\week6\admin.md) [Line 38, Column 1]
  unexpected token: ]
    at Object._prettifyError (C:\Users\dcsdcr\AppData\Roaming\npm\node_modules\markbind-cli\node_modules\nunjucks\src\lib.js:36:11)
    at C:\Users\dcsdcr\AppData\Roaming\npm\node_modules\markbind-cli\node_modules\nunjucks\src\environment.js:567:19
    at eval (eval at _compile (C:\Users\dcsdcr\AppData\Roaming\npm\node_modules\markbind-cli\node_modules\nunjucks\src\environment.js:637:18), <anonymous>:12:11)
    at C:\Users\dcsdcr\AppData\Roaming\npm\node_modules\markbind-cli\node_modules\nunjucks\src\environment.js:617:9
    at eval (eval at _compile (C:\Users\dcsdcr\AppData\Roaming\npm\node_modules\markbind-cli\node_modules\nunjucks\src\environment.js:637:18), <anonymous>:19:11)
    at Template.getExported (C:\Users\dcsdcr\AppData\Roaming\npm\node_modules\markbind-cli\node_modules\nunjucks\src\environment.js:605:16)
    at eval (eval at _compile (C:\Users\dcsdcr\AppData\Roaming\npm\node_modules\markbind-cli\node_modules\nunjucks\src\environment.js:637:18), <anonymous>:18:5)
    at Environment.getTemplate (C:\Users\dcsdcr\AppData\Roaming\npm\node_modules\markbind-cli\node_modules\nunjucks\src\environment.js:279:9)
    at eval (eval at _compile (C:\Users\dcsdcr\AppData\Roaming\npm\node_modules\markbind-cli\node_modules\nunjucks\src\environment.js:637:18), <anonymous>:16:5)
    at C:\Users\dcsdcr\AppData\Roaming\npm\node_modules\markbind-cli\node_modules\nunjucks\src\environment.js:619:9
    at eval (eval at _compile (C:\Users\dcsdcr\AppData\Roaming\npm\node_modules\markbind-cli\node_modules\nunjucks\src\environment.js:637:18), <anonymous>:1188:1)
    at C:\Users\dcsdcr\AppData\Roaming\npm\node_modules\markbind-cli\node_modules\nunjucks\src\environment.js:619:9
    at eval (eval at _compile (C:\Users\dcsdcr\AppData\Roaming\npm\node_modules\markbind-cli\node_modules\nunjucks\src\environment.js:637:18), <anonymous>:676:1)
    at C:\Users\dcsdcr\AppData\Roaming\npm\node_modules\markbind-cli\node_modules\nunjucks\src\environment.js:619:9
    at Template.root [as rootRenderFunc] (eval at _compile (C:\Users\dcsdcr\AppData\Roaming\npm\node_modules\markbind-cli\node_modules\nunjucks\src\environment.js:637:18), <anonymous>:245:1)
    at Template.getExported (C:\Users\dcsdcr\AppData\Roaming\npm\node_modules\markbind-cli\node_modules\nunjucks\src\environment.js:615:10)
2020-02-28T09:11:27.962Z - error: uncaughtException: Template render error: Template render error: Template render error: Template render error: Template render error: Template render error: (C:\repos\nus-cs2113-AY1920S2\cs2113-website\schedule\week7\admin.md) [Line 38, Column 1]
  unexpected token: ] date=Fri Feb 28 2020 17:11:27 GMT+0800 (Singapore Standard Time), pid=26084, uid=null, gid=null, cwd=C:\repos\nus-cs2113-AY1920S2\cs2113-website, execPath=C:\Program Files\nodejs\node.exe, version=v10.14.2, argv=[C:\Program Files\nodejs\node.exe, C:\Users\dcsdcr\AppData\Roaming\npm\node_modules\markbind-cli\index.js, serve], rss=75681792, heapTotal=234438656, heapUsed=170010384, external=675817, loadavg=[0, 0, 0], uptime=787811
Template render error: (C:\repos\nus-cs2113-AY1920S2\cs2113-website\schedule\week7\admin.md) [Line 38, Column 1]
  unexpected token: ]
    at Object._prettifyError (C:\Users\dcsdcr\AppData\Roaming\npm\node_modules\markbind-cli\node_modules\nunjucks\src\lib.js:36:11)
    at C:\Users\dcsdcr\AppData\Roaming\npm\node_modules\markbind-cli\node_modules\nunjucks\src\environment.js:567:19
    at eval (eval at _compile (C:\Users\dcsdcr\AppData\Roaming\npm\node_modules\markbind-cli\node_modules\nunjucks\src\environment.js:637:18), <anonymous>:12:11)
    at C:\Users\dcsdcr\AppData\Roaming\npm\node_modules\markbind-cli\node_modules\nunjucks\src\environment.js:617:9
    at eval (eval at _compile (C:\Users\dcsdcr\AppData\Roaming\npm\node_modules\markbind-cli\node_modules\nunjucks\src\environment.js:637:18), <anonymous>:19:11)
    at Template.getExported (C:\Users\dcsdcr\AppData\Roaming\npm\node_modules\markbind-cli\node_modules\nunjucks\src\environment.js:605:16)
    at eval (eval at _compile (C:\Users\dcsdcr\AppData\Roaming\npm\node_modules\markbind-cli\node_modules\nunjucks\src\environment.js:637:18), <anonymous>:18:5)
    at Environment.getTemplate (C:\Users\dcsdcr\AppData\Roaming\npm\node_modules\markbind-cli\node_modules\nunjucks\src\environment.js:279:9)
    at eval (eval at _compile (C:\Users\dcsdcr\AppData\Roaming\npm\node_modules\markbind-cli\node_modules\nunjucks\src\environment.js:637:18), <anonymous>:16:5)
    at C:\Users\dcsdcr\AppData\Roaming\npm\node_modules\markbind-cli\node_modules\nunjucks\src\environment.js:619:9
    at eval (eval at _compile (C:\Users\dcsdcr\AppData\Roaming\npm\node_modules\markbind-cli\node_modules\nunjucks\src\environment.js:637:18), <anonymous>:1188:1)
    at C:\Users\dcsdcr\AppData\Roaming\npm\node_modules\markbind-cli\node_modules\nunjucks\src\environment.js:619:9
    at eval (eval at _compile (C:\Users\dcsdcr\AppData\Roaming\npm\node_modules\markbind-cli\node_modules\nunjucks\src\environment.js:637:18), <anonymous>:676:1)
    at C:\Users\dcsdcr\AppData\Roaming\npm\node_modules\markbind-cli\node_modules\nunjucks\src\environment.js:619:9
    at Template.root [as rootRenderFunc] (eval at _compile (C:\Users\dcsdcr\AppData\Roaming\npm\node_modules\markbind-cli\node_modules\nunjucks\src\environment.js:637:18), <anonymous>:245:1)
    at Template.getExported (C:\Users\dcsdcr\AppData\Roaming\npm\node_modules\markbind-cli\node_modules\nunjucks\src\environment.js:615:10)
2020-02-28T09:11:27.968Z - error: uncaughtException: Template render error: Template render error: Template render error: Template render error: Template render error: Template render error: (C:\repos\nus-cs2113-AY1920S2\cs2113-website\schedule\week8\admin.md) [Line 38, Column 1]
  unexpected token: ] date=Fri Feb 28 2020 17:11:27 GMT+0800 (Singapore Standard Time), pid=26084, uid=null, gid=null, cwd=C:\repos\nus-cs2113-AY1920S2\cs2113-website, execPath=C:\Program Files\nodejs\node.exe, version=v10.14.2, argv=[C:\Program Files\nodejs\node.exe, C:\Users\dcsdcr\AppData\Roaming\npm\node_modules\markbind-cli\index.js, serve], rss=75706368, heapTotal=234438656, heapUsed=170873472, external=684009, loadavg=[0, 0, 0], uptime=787811
Template render error: (C:\repos\nus-cs2113-AY1920S2\cs2113-website\schedule\week8\admin.md) [Line 38, Column 1]
  unexpected token: ]
    at Object._prettifyError (C:\Users\dcsdcr\AppData\Roaming\npm\node_modules\markbind-cli\node_modules\nunjucks\src\lib.js:36:11)
    at C:\Users\dcsdcr\AppData\Roaming\npm\node_modules\markbind-cli\node_modules\nunjucks\src\environment.js:567:19
    at eval (eval at _compile (C:\Users\dcsdcr\AppData\Roaming\npm\node_modules\markbind-cli\node_modules\nunjucks\src\environment.js:637:18), <anonymous>:12:11)
    at C:\Users\dcsdcr\AppData\Roaming\npm\node_modules\markbind-cli\node_modules\nunjucks\src\environment.js:617:9
    at eval (eval at _compile (C:\Users\dcsdcr\AppData\Roaming\npm\node_modules\markbind-cli\node_modules\nunjucks\src\environment.js:637:18), <anonymous>:19:11)
    at Template.getExported (C:\Users\dcsdcr\AppData\Roaming\npm\node_modules\markbind-cli\node_modules\nunjucks\src\environment.js:605:16)
    at eval (eval at _compile (C:\Users\dcsdcr\AppData\Roaming\npm\node_modules\markbind-cli\node_modules\nunjucks\src\environment.js:637:18), <anonymous>:18:5)
    at Environment.getTemplate (C:\Users\dcsdcr\AppData\Roaming\npm\node_modules\markbind-cli\node_modules\nunjucks\src\environment.js:279:9)
    at eval (eval at _compile (C:\Users\dcsdcr\AppData\Roaming\npm\node_modules\markbind-cli\node_modules\nunjucks\src\environment.js:637:18), <anonymous>:16:5)
    at C:\Users\dcsdcr\AppData\Roaming\npm\node_modules\markbind-cli\node_modules\nunjucks\src\environment.js:619:9
    at eval (eval at _compile (C:\Users\dcsdcr\AppData\Roaming\npm\node_modules\markbind-cli\node_modules\nunjucks\src\environment.js:637:18), <anonymous>:1188:1)
    at C:\Users\dcsdcr\AppData\Roaming\npm\node_modules\markbind-cli\node_modules\nunjucks\src\environment.js:619:9
    at eval (eval at _compile (C:\Users\dcsdcr\AppData\Roaming\npm\node_modules\markbind-cli\node_modules\nunjucks\src\environment.js:637:18), <anonymous>:676:1)
    at C:\Users\dcsdcr\AppData\Roaming\npm\node_modules\markbind-cli\node_modules\nunjucks\src\environment.js:619:9
    at Template.root [as rootRenderFunc] (eval at _compile (C:\Users\dcsdcr\AppData\Roaming\npm\node_modules\markbind-cli\node_modules\nunjucks\src\environment.js:637:18), <anonymous>:245:1)
    at Template.getExported (C:\Users\dcsdcr\AppData\Roaming\npm\node_modules\markbind-cli\node_modules\nunjucks\src\environment.js:615:10)
2020-02-28T09:11:27.975Z - error: uncaughtException: Template render error: Template render error: Template render error: Template render error: Template render error: Template render error: (C:\repos\nus-cs2113-AY1920S2\cs2113-website\schedule\week1\index.md) [Line 38, Column 1]
  unexpected token: ] date=Fri Feb 28 2020 17:11:27 GMT+0800 (Singapore Standard Time), pid=26084, uid=null, gid=null, cwd=C:\repos\nus-cs2113-AY1920S2\cs2113-website, execPath=C:\Program Files\nodejs\node.exe, version=v10.14.2, argv=[C:\Program Files\nodejs\node.exe, C:\Users\dcsdcr\AppData\Roaming\npm\node_modules\markbind-cli\index.js, serve], rss=75743232, heapTotal=234438656, heapUsed=171743192, external=692201, loadavg=[0, 0, 0], uptime=787811
Template render error: (C:\repos\nus-cs2113-AY1920S2\cs2113-website\schedule\week1\index.md) [Line 38, Column 1]
  unexpected token: ]
    at Object._prettifyError (C:\Users\dcsdcr\AppData\Roaming\npm\node_modules\markbind-cli\node_modules\nunjucks\src\lib.js:36:11)
    at C:\Users\dcsdcr\AppData\Roaming\npm\node_modules\markbind-cli\node_modules\nunjucks\src\environment.js:567:19
    at eval (eval at _compile (C:\Users\dcsdcr\AppData\Roaming\npm\node_modules\markbind-cli\node_modules\nunjucks\src\environment.js:637:18), <anonymous>:12:11)
    at C:\Users\dcsdcr\AppData\Roaming\npm\node_modules\markbind-cli\node_modules\nunjucks\src\environment.js:617:9
    at eval (eval at _compile (C:\Users\dcsdcr\AppData\Roaming\npm\node_modules\markbind-cli\node_modules\nunjucks\src\environment.js:637:18), <anonymous>:19:11)
    at Template.getExported (C:\Users\dcsdcr\AppData\Roaming\npm\node_modules\markbind-cli\node_modules\nunjucks\src\environment.js:605:16)
    at eval (eval at _compile (C:\Users\dcsdcr\AppData\Roaming\npm\node_modules\markbind-cli\node_modules\nunjucks\src\environment.js:637:18), <anonymous>:18:5)
    at Environment.getTemplate (C:\Users\dcsdcr\AppData\Roaming\npm\node_modules\markbind-cli\node_modules\nunjucks\src\environment.js:279:9)
    at eval (eval at _compile (C:\Users\dcsdcr\AppData\Roaming\npm\node_modules\markbind-cli\node_modules\nunjucks\src\environment.js:637:18), <anonymous>:16:5)
    at C:\Users\dcsdcr\AppData\Roaming\npm\node_modules\markbind-cli\node_modules\nunjucks\src\environment.js:619:9
    at eval (eval at _compile (C:\Users\dcsdcr\AppData\Roaming\npm\node_modules\markbind-cli\node_modules\nunjucks\src\environment.js:637:18), <anonymous>:1188:1)
    at C:\Users\dcsdcr\AppData\Roaming\npm\node_modules\markbind-cli\node_modules\nunjucks\src\environment.js:619:9
    at eval (eval at _compile (C:\Users\dcsdcr\AppData\Roaming\npm\node_modules\markbind-cli\node_modules\nunjucks\src\environment.js:637:18), <anonymous>:676:1)
    at C:\Users\dcsdcr\AppData\Roaming\npm\node_modules\markbind-cli\node_modules\nunjucks\src\environment.js:619:9
    at Template.root [as rootRenderFunc] (eval at _compile (C:\Users\dcsdcr\AppData\Roaming\npm\node_modules\markbind-cli\node_modules\nunjucks\src\environment.js:637:18), <anonymous>:245:1)
    at Template.getExported (C:\Users\dcsdcr\AppData\Roaming\npm\node_modules\markbind-cli\node_modules\nunjucks\src\environment.js:615:10)
2020-02-28T09:11:27.982Z - error: uncaughtException: Template render error: Template render error: Template render error: Template render error: Template render error: Template render error: (C:\repos\nus-cs2113-AY1920S2\cs2113-website\schedule\week9\admin.md) [Line 38, Column 1]
  unexpected token: ] date=Fri Feb 28 2020 17:11:27 GMT+0800 (Singapore Standard Time), pid=26084, uid=null, gid=null, cwd=C:\repos\nus-cs2113-AY1920S2\cs2113-website, execPath=C:\Program Files\nodejs\node.exe, version=v10.14.2, argv=[C:\Program Files\nodejs\node.exe, C:\Users\dcsdcr\AppData\Roaming\npm\node_modules\markbind-cli\index.js, serve], rss=76124160, heapTotal=234438656, heapUsed=172605328, external=700393, loadavg=[0, 0, 0], uptime=787811
Template render error: (C:\repos\nus-cs2113-AY1920S2\cs2113-website\schedule\week9\admin.md) [Line 38, Column 1]
  unexpected token: ]
    at Object._prettifyError (C:\Users\dcsdcr\AppData\Roaming\npm\node_modules\markbind-cli\node_modules\nunjucks\src\lib.js:36:11)
    at C:\Users\dcsdcr\AppData\Roaming\npm\node_modules\markbind-cli\node_modules\nunjucks\src\environment.js:567:19
    at eval (eval at _compile (C:\Users\dcsdcr\AppData\Roaming\npm\node_modules\markbind-cli\node_modules\nunjucks\src\environment.js:637:18), <anonymous>:12:11)
    at C:\Users\dcsdcr\AppData\Roaming\npm\node_modules\markbind-cli\node_modules\nunjucks\src\environment.js:617:9
    at eval (eval at _compile (C:\Users\dcsdcr\AppData\Roaming\npm\node_modules\markbind-cli\node_modules\nunjucks\src\environment.js:637:18), <anonymous>:19:11)
    at Template.getExported (C:\Users\dcsdcr\AppData\Roaming\npm\node_modules\markbind-cli\node_modules\nunjucks\src\environment.js:605:16)
    at eval (eval at _compile (C:\Users\dcsdcr\AppData\Roaming\npm\node_modules\markbind-cli\node_modules\nunjucks\src\environment.js:637:18), <anonymous>:18:5)
    at Environment.getTemplate (C:\Users\dcsdcr\AppData\Roaming\npm\node_modules\markbind-cli\node_modules\nunjucks\src\environment.js:279:9)
    at eval (eval at _compile (C:\Users\dcsdcr\AppData\Roaming\npm\node_modules\markbind-cli\node_modules\nunjucks\src\environment.js:637:18), <anonymous>:16:5)
    at C:\Users\dcsdcr\AppData\Roaming\npm\node_modules\markbind-cli\node_modules\nunjucks\src\environment.js:619:9
    at eval (eval at _compile (C:\Users\dcsdcr\AppData\Roaming\npm\node_modules\markbind-cli\node_modules\nunjucks\src\environment.js:637:18), <anonymous>:1188:1)
    at C:\Users\dcsdcr\AppData\Roaming\npm\node_modules\markbind-cli\node_modules\nunjucks\src\environment.js:619:9
    at eval (eval at _compile (C:\Users\dcsdcr\AppData\Roaming\npm\node_modules\markbind-cli\node_modules\nunjucks\src\environment.js:637:18), <anonymous>:676:1)
    at C:\Users\dcsdcr\AppData\Roaming\npm\node_modules\markbind-cli\node_modules\nunjucks\src\environment.js:619:9
    at Template.root [as rootRenderFunc] (eval at _compile (C:\Users\dcsdcr\AppData\Roaming\npm\node_modules\markbind-cli\node_modules\nunjucks\src\environment.js:637:18), <anonymous>:245:1)
    at Template.getExported (C:\Users\dcsdcr\AppData\Roaming\npm\node_modules\markbind-cli\node_modules\nunjucks\src\environment.js:615:10)
2020-02-28T09:11:27.988Z - error: uncaughtException: Template render error: Template render error: Template render error: Template render error: Template render error: Template render error: (C:\repos\nus-cs2113-AY1920S2\cs2113-website\schedule\week10\index.md) [Line 38, Column 1]
  unexpected token: ] date=Fri Feb 28 2020 17:11:27 GMT+0800 (Singapore Standard Time), pid=26084, uid=null, gid=null, cwd=C:\repos\nus-cs2113-AY1920S2\cs2113-website, execPath=C:\Program Files\nodejs\node.exe, version=v10.14.2, argv=[C:\Program Files\nodejs\node.exe, C:\Users\dcsdcr\AppData\Roaming\npm\node_modules\markbind-cli\index.js, serve], rss=76734464, heapTotal=234438656, heapUsed=173485496, external=708585, loadavg=[0, 0, 0], uptime=787811
Template render error: (C:\repos\nus-cs2113-AY1920S2\cs2113-website\schedule\week10\index.md) [Line 38, Column 1]
  unexpected token: ]
    at Object._prettifyError (C:\Users\dcsdcr\AppData\Roaming\npm\node_modules\markbind-cli\node_modules\nunjucks\src\lib.js:36:11)
    at C:\Users\dcsdcr\AppData\Roaming\npm\node_modules\markbind-cli\node_modules\nunjucks\src\environment.js:567:19
    at eval (eval at _compile (C:\Users\dcsdcr\AppData\Roaming\npm\node_modules\markbind-cli\node_modules\nunjucks\src\environment.js:637:18), <anonymous>:12:11)
    at C:\Users\dcsdcr\AppData\Roaming\npm\node_modules\markbind-cli\node_modules\nunjucks\src\environment.js:617:9
    at eval (eval at _compile (C:\Users\dcsdcr\AppData\Roaming\npm\node_modules\markbind-cli\node_modules\nunjucks\src\environment.js:637:18), <anonymous>:19:11)
    at Template.getExported (C:\Users\dcsdcr\AppData\Roaming\npm\node_modules\markbind-cli\node_modules\nunjucks\src\environment.js:605:16)
    at eval (eval at _compile (C:\Users\dcsdcr\AppData\Roaming\npm\node_modules\markbind-cli\node_modules\nunjucks\src\environment.js:637:18), <anonymous>:18:5)
    at Environment.getTemplate (C:\Users\dcsdcr\AppData\Roaming\npm\node_modules\markbind-cli\node_modules\nunjucks\src\environment.js:279:9)
    at eval (eval at _compile (C:\Users\dcsdcr\AppData\Roaming\npm\node_modules\markbind-cli\node_modules\nunjucks\src\environment.js:637:18), <anonymous>:16:5)
    at C:\Users\dcsdcr\AppData\Roaming\npm\node_modules\markbind-cli\node_modules\nunjucks\src\environment.js:619:9
    at eval (eval at _compile (C:\Users\dcsdcr\AppData\Roaming\npm\node_modules\markbind-cli\node_modules\nunjucks\src\environment.js:637:18), <anonymous>:1188:1)
    at C:\Users\dcsdcr\AppData\Roaming\npm\node_modules\markbind-cli\node_modules\nunjucks\src\environment.js:619:9
    at eval (eval at _compile (C:\Users\dcsdcr\AppData\Roaming\npm\node_modules\markbind-cli\node_modules\nunjucks\src\environment.js:637:18), <anonymous>:676:1)
    at C:\Users\dcsdcr\AppData\Roaming\npm\node_modules\markbind-cli\node_modules\nunjucks\src\environment.js:619:9
    at Template.root [as rootRenderFunc] (eval at _compile (C:\Users\dcsdcr\AppData\Roaming\npm\node_modules\markbind-cli\node_modules\nunjucks\src\environment.js:637:18), <anonymous>:245:1)
    at Template.getExported (C:\Users\dcsdcr\AppData\Roaming\npm\node_modules\markbind-cli\node_modules\nunjucks\src\environment.js:615:10)
2020-02-28T09:11:27.993Z - error: uncaughtException: Template render error: Template render error: Template render error: Template render error: Template render error: Template render error: (C:\repos\nus-cs2113-AY1920S2\cs2113-website\schedule\week11\index.md) [Line 38, Column 1]
  unexpected token: ] date=Fri Feb 28 2020 17:11:27 GMT+0800 (Singapore Standard Time), pid=26084, uid=null, gid=null, cwd=C:\repos\nus-cs2113-AY1920S2\cs2113-website, execPath=C:\Program Files\nodejs\node.exe, version=v10.14.2, argv=[C:\Program Files\nodejs\node.exe, C:\Users\dcsdcr\AppData\Roaming\npm\node_modules\markbind-cli\index.js, serve], rss=77602816, heapTotal=234438656, heapUsed=174345960, external=716777, loadavg=[0, 0, 0], uptime=787811
Template render error: (C:\repos\nus-cs2113-AY1920S2\cs2113-website\schedule\week11\index.md) [Line 38, Column 1]
  unexpected token: ]
    at Object._prettifyError (C:\Users\dcsdcr\AppData\Roaming\npm\node_modules\markbind-cli\node_modules\nunjucks\src\lib.js:36:11)
    at C:\Users\dcsdcr\AppData\Roaming\npm\node_modules\markbind-cli\node_modules\nunjucks\src\environment.js:567:19
    at eval (eval at _compile (C:\Users\dcsdcr\AppData\Roaming\npm\node_modules\markbind-cli\node_modules\nunjucks\src\environment.js:637:18), <anonymous>:12:11)
    at C:\Users\dcsdcr\AppData\Roaming\npm\node_modules\markbind-cli\node_modules\nunjucks\src\environment.js:617:9
    at eval (eval at _compile (C:\Users\dcsdcr\AppData\Roaming\npm\node_modules\markbind-cli\node_modules\nunjucks\src\environment.js:637:18), <anonymous>:19:11)
    at Template.getExported (C:\Users\dcsdcr\AppData\Roaming\npm\node_modules\markbind-cli\node_modules\nunjucks\src\environment.js:605:16)
    at eval (eval at _compile (C:\Users\dcsdcr\AppData\Roaming\npm\node_modules\markbind-cli\node_modules\nunjucks\src\environment.js:637:18), <anonymous>:18:5)
    at Environment.getTemplate (C:\Users\dcsdcr\AppData\Roaming\npm\node_modules\markbind-cli\node_modules\nunjucks\src\environment.js:279:9)
    at eval (eval at _compile (C:\Users\dcsdcr\AppData\Roaming\npm\node_modules\markbind-cli\node_modules\nunjucks\src\environment.js:637:18), <anonymous>:16:5)
    at C:\Users\dcsdcr\AppData\Roaming\npm\node_modules\markbind-cli\node_modules\nunjucks\src\environment.js:619:9
    at eval (eval at _compile (C:\Users\dcsdcr\AppData\Roaming\npm\node_modules\markbind-cli\node_modules\nunjucks\src\environment.js:637:18), <anonymous>:1188:1)
    at C:\Users\dcsdcr\AppData\Roaming\npm\node_modules\markbind-cli\node_modules\nunjucks\src\environment.js:619:9
    at eval (eval at _compile (C:\Users\dcsdcr\AppData\Roaming\npm\node_modules\markbind-cli\node_modules\nunjucks\src\environment.js:637:18), <anonymous>:676:1)
    at C:\Users\dcsdcr\AppData\Roaming\npm\node_modules\markbind-cli\node_modules\nunjucks\src\environment.js:619:9
    at Template.root [as rootRenderFunc] (eval at _compile (C:\Users\dcsdcr\AppData\Roaming\npm\node_modules\markbind-cli\node_modules\nunjucks\src\environment.js:637:18), <anonymous>:245:1)
    at Template.getExported (C:\Users\dcsdcr\AppData\Roaming\npm\node_modules\markbind-cli\node_modules\nunjucks\src\environment.js:615:10)
2020-02-28T09:11:27.999Z - error: uncaughtException: Template render error: Template render error: Template render error: Template render error: Template render error: Template render error: (C:\repos\nus-cs2113-AY1920S2\cs2113-website\schedule\week13\index.md) [Line 38, Column 1]
  unexpected token: ] date=Fri Feb 28 2020 17:11:27 GMT+0800 (Singapore Standard Time), pid=26084, uid=null, gid=null, cwd=C:\repos\nus-cs2113-AY1920S2\cs2113-website, execPath=C:\Program Files\nodejs\node.exe, version=v10.14.2, argv=[C:\Program Files\nodejs\node.exe, C:\Users\dcsdcr\AppData\Roaming\npm\node_modules\markbind-cli\index.js, serve], rss=78696448, heapTotal=234438656, heapUsed=175206496, external=724969, loadavg=[0, 0, 0], uptime=787811
Template render error: (C:\repos\nus-cs2113-AY1920S2\cs2113-website\schedule\week13\index.md) [Line 38, Column 1]
  unexpected token: ]
    at Object._prettifyError (C:\Users\dcsdcr\AppData\Roaming\npm\node_modules\markbind-cli\node_modules\nunjucks\src\lib.js:36:11)
    at C:\Users\dcsdcr\AppData\Roaming\npm\node_modules\markbind-cli\node_modules\nunjucks\src\environment.js:567:19
    at eval (eval at _compile (C:\Users\dcsdcr\AppData\Roaming\npm\node_modules\markbind-cli\node_modules\nunjucks\src\environment.js:637:18), <anonymous>:12:11)
    at C:\Users\dcsdcr\AppData\Roaming\npm\node_modules\markbind-cli\node_modules\nunjucks\src\environment.js:617:9
    at eval (eval at _compile (C:\Users\dcsdcr\AppData\Roaming\npm\node_modules\markbind-cli\node_modules\nunjucks\src\environment.js:637:18), <anonymous>:19:11)
    at Template.getExported (C:\Users\dcsdcr\AppData\Roaming\npm\node_modules\markbind-cli\node_modules\nunjucks\src\environment.js:605:16)
    at eval (eval at _compile (C:\Users\dcsdcr\AppData\Roaming\npm\node_modules\markbind-cli\node_modules\nunjucks\src\environment.js:637:18), <anonymous>:18:5)
    at Environment.getTemplate (C:\Users\dcsdcr\AppData\Roaming\npm\node_modules\markbind-cli\node_modules\nunjucks\src\environment.js:279:9)
    at eval (eval at _compile (C:\Users\dcsdcr\AppData\Roaming\npm\node_modules\markbind-cli\node_modules\nunjucks\src\environment.js:637:18), <anonymous>:16:5)
    at C:\Users\dcsdcr\AppData\Roaming\npm\node_modules\markbind-cli\node_modules\nunjucks\src\environment.js:619:9
    at eval (eval at _compile (C:\Users\dcsdcr\AppData\Roaming\npm\node_modules\markbind-cli\node_modules\nunjucks\src\environment.js:637:18), <anonymous>:1188:1)
    at C:\Users\dcsdcr\AppData\Roaming\npm\node_modules\markbind-cli\node_modules\nunjucks\src\environment.js:619:9
    at eval (eval at _compile (C:\Users\dcsdcr\AppData\Roaming\npm\node_modules\markbind-cli\node_modules\nunjucks\src\environment.js:637:18), <anonymous>:676:1)
    at C:\Users\dcsdcr\AppData\Roaming\npm\node_modules\markbind-cli\node_modules\nunjucks\src\environment.js:619:9
    at Template.root [as rootRenderFunc] (eval at _compile (C:\Users\dcsdcr\AppData\Roaming\npm\node_modules\markbind-cli\node_modules\nunjucks\src\environment.js:637:18), <anonymous>:245:1)
    at Template.getExported (C:\Users\dcsdcr\AppData\Roaming\npm\node_modules\markbind-cli\node_modules\nunjucks\src\environment.js:615:10)
2020-02-28T09:11:28.005Z - error: uncaughtException: Template render error: Template render error: Template render error: Template render error: Template render error: Template render error: (C:\repos\nus-cs2113-AY1920S2\cs2113-website\schedule\week2\index.md) [Line 38, Column 1]
  unexpected token: ] date=Fri Feb 28 2020 17:11:28 GMT+0800 (Singapore Standard Time), pid=26084, uid=null, gid=null, cwd=C:\repos\nus-cs2113-AY1920S2\cs2113-website, execPath=C:\Program Files\nodejs\node.exe, version=v10.14.2, argv=[C:\Program Files\nodejs\node.exe, C:\Users\dcsdcr\AppData\Roaming\npm\node_modules\markbind-cli\index.js, serve], rss=79364096, heapTotal=234438656, heapUsed=176087000, external=733161, loadavg=[0, 0, 0], uptime=787811
Template render error: (C:\repos\nus-cs2113-AY1920S2\cs2113-website\schedule\week2\index.md) [Line 38, Column 1]
  unexpected token: ]
    at Object._prettifyError (C:\Users\dcsdcr\AppData\Roaming\npm\node_modules\markbind-cli\node_modules\nunjucks\src\lib.js:36:11)
    at C:\Users\dcsdcr\AppData\Roaming\npm\node_modules\markbind-cli\node_modules\nunjucks\src\environment.js:567:19
    at eval (eval at _compile (C:\Users\dcsdcr\AppData\Roaming\npm\node_modules\markbind-cli\node_modules\nunjucks\src\environment.js:637:18), <anonymous>:12:11)
    at C:\Users\dcsdcr\AppData\Roaming\npm\node_modules\markbind-cli\node_modules\nunjucks\src\environment.js:617:9
    at eval (eval at _compile (C:\Users\dcsdcr\AppData\Roaming\npm\node_modules\markbind-cli\node_modules\nunjucks\src\environment.js:637:18), <anonymous>:19:11)
    at Template.getExported (C:\Users\dcsdcr\AppData\Roaming\npm\node_modules\markbind-cli\node_modules\nunjucks\src\environment.js:605:16)
    at eval (eval at _compile (C:\Users\dcsdcr\AppData\Roaming\npm\node_modules\markbind-cli\node_modules\nunjucks\src\environment.js:637:18), <anonymous>:18:5)
    at Environment.getTemplate (C:\Users\dcsdcr\AppData\Roaming\npm\node_modules\markbind-cli\node_modules\nunjucks\src\environment.js:279:9)
    at eval (eval at _compile (C:\Users\dcsdcr\AppData\Roaming\npm\node_modules\markbind-cli\node_modules\nunjucks\src\environment.js:637:18), <anonymous>:16:5)
    at C:\Users\dcsdcr\AppData\Roaming\npm\node_modules\markbind-cli\node_modules\nunjucks\src\environment.js:619:9
    at eval (eval at _compile (C:\Users\dcsdcr\AppData\Roaming\npm\node_modules\markbind-cli\node_modules\nunjucks\src\environment.js:637:18), <anonymous>:1188:1)
    at C:\Users\dcsdcr\AppData\Roaming\npm\node_modules\markbind-cli\node_modules\nunjucks\src\environment.js:619:9
    at eval (eval at _compile (C:\Users\dcsdcr\AppData\Roaming\npm\node_modules\markbind-cli\node_modules\nunjucks\src\environment.js:637:18), <anonymous>:676:1)
    at C:\Users\dcsdcr\AppData\Roaming\npm\node_modules\markbind-cli\node_modules\nunjucks\src\environment.js:619:9
    at Template.root [as rootRenderFunc] (eval at _compile (C:\Users\dcsdcr\AppData\Roaming\npm\node_modules\markbind-cli\node_modules\nunjucks\src\environment.js:637:18), <anonymous>:245:1)
    at Template.getExported (C:\Users\dcsdcr\AppData\Roaming\npm\node_modules\markbind-cli\node_modules\nunjucks\src\environment.js:615:10)
2020-02-28T09:11:28.014Z - error: uncaughtException: Template render error: Template render error: Template render error: Template render error: Template render error: Template render error: (C:\repos\nus-cs2113-AY1920S2\cs2113-website\schedule\week4\index.md) [Line 38, Column 1]
  unexpected token: ] date=Fri Feb 28 2020 17:11:28 GMT+0800 (Singapore Standard Time), pid=26084, uid=null, gid=null, cwd=C:\repos\nus-cs2113-AY1920S2\cs2113-website, execPath=C:\Program Files\nodejs\node.exe, version=v10.14.2, argv=[C:\Program Files\nodejs\node.exe, C:\Users\dcsdcr\AppData\Roaming\npm\node_modules\markbind-cli\index.js, serve], rss=80637952, heapTotal=234438656, heapUsed=171018992, external=741353, loadavg=[0, 0, 0], uptime=787811
Template render error: (C:\repos\nus-cs2113-AY1920S2\cs2113-website\schedule\week4\index.md) [Line 38, Column 1]
  unexpected token: ]
    at Object._prettifyError (C:\Users\dcsdcr\AppData\Roaming\npm\node_modules\markbind-cli\node_modules\nunjucks\src\lib.js:36:11)
    at C:\Users\dcsdcr\AppData\Roaming\npm\node_modules\markbind-cli\node_modules\nunjucks\src\environment.js:567:19
    at eval (eval at _compile (C:\Users\dcsdcr\AppData\Roaming\npm\node_modules\markbind-cli\node_modules\nunjucks\src\environment.js:637:18), <anonymous>:12:11)
    at C:\Users\dcsdcr\AppData\Roaming\npm\node_modules\markbind-cli\node_modules\nunjucks\src\environment.js:617:9
    at eval (eval at _compile (C:\Users\dcsdcr\AppData\Roaming\npm\node_modules\markbind-cli\node_modules\nunjucks\src\environment.js:637:18), <anonymous>:19:11)
    at Template.getExported (C:\Users\dcsdcr\AppData\Roaming\npm\node_modules\markbind-cli\node_modules\nunjucks\src\environment.js:605:16)
    at eval (eval at _compile (C:\Users\dcsdcr\AppData\Roaming\npm\node_modules\markbind-cli\node_modules\nunjucks\src\environment.js:637:18), <anonymous>:18:5)
    at Environment.getTemplate (C:\Users\dcsdcr\AppData\Roaming\npm\node_modules\markbind-cli\node_modules\nunjucks\src\environment.js:279:9)
    at eval (eval at _compile (C:\Users\dcsdcr\AppData\Roaming\npm\node_modules\markbind-cli\node_modules\nunjucks\src\environment.js:637:18), <anonymous>:16:5)
    at C:\Users\dcsdcr\AppData\Roaming\npm\node_modules\markbind-cli\node_modules\nunjucks\src\environment.js:619:9
    at eval (eval at _compile (C:\Users\dcsdcr\AppData\Roaming\npm\node_modules\markbind-cli\node_modules\nunjucks\src\environment.js:637:18), <anonymous>:1188:1)
    at C:\Users\dcsdcr\AppData\Roaming\npm\node_modules\markbind-cli\node_modules\nunjucks\src\environment.js:619:9
    at eval (eval at _compile (C:\Users\dcsdcr\AppData\Roaming\npm\node_modules\markbind-cli\node_modules\nunjucks\src\environment.js:637:18), <anonymous>:676:1)
    at C:\Users\dcsdcr\AppData\Roaming\npm\node_modules\markbind-cli\node_modules\nunjucks\src\environment.js:619:9
    at Template.root [as rootRenderFunc] (eval at _compile (C:\Users\dcsdcr\AppData\Roaming\npm\node_modules\markbind-cli\node_modules\nunjucks\src\environment.js:637:18), <anonymous>:245:1)
    at Template.getExported (C:\Users\dcsdcr\AppData\Roaming\npm\node_modules\markbind-cli\node_modules\nunjucks\src\environment.js:615:10)
2020-02-28T09:11:28.019Z - error: uncaughtException: Template render error: Template render error: Template render error: Template render error: Template render error: Template render error: (C:\repos\nus-cs2113-AY1920S2\cs2113-website\schedule\week3\index.md) [Line 38, Column 1]
  unexpected token: ] date=Fri Feb 28 2020 17:11:28 GMT+0800 (Singapore Standard Time), pid=26084, uid=null, gid=null, cwd=C:\repos\nus-cs2113-AY1920S2\cs2113-website, execPath=C:\Program Files\nodejs\node.exe, version=v10.14.2, argv=[C:\Program Files\nodejs\node.exe, C:\Users\dcsdcr\AppData\Roaming\npm\node_modules\markbind-cli\index.js, serve], rss=80662528, heapTotal=234438656, heapUsed=171877440, external=749545, loadavg=[0, 0, 0], uptime=787811
Template render error: (C:\repos\nus-cs2113-AY1920S2\cs2113-website\schedule\week3\index.md) [Line 38, Column 1]
  unexpected token: ]
    at Object._prettifyError (C:\Users\dcsdcr\AppData\Roaming\npm\node_modules\markbind-cli\node_modules\nunjucks\src\lib.js:36:11)
    at C:\Users\dcsdcr\AppData\Roaming\npm\node_modules\markbind-cli\node_modules\nunjucks\src\environment.js:567:19
    at eval (eval at _compile (C:\Users\dcsdcr\AppData\Roaming\npm\node_modules\markbind-cli\node_modules\nunjucks\src\environment.js:637:18), <anonymous>:12:11)
    at C:\Users\dcsdcr\AppData\Roaming\npm\node_modules\markbind-cli\node_modules\nunjucks\src\environment.js:617:9
    at eval (eval at _compile (C:\Users\dcsdcr\AppData\Roaming\npm\node_modules\markbind-cli\node_modules\nunjucks\src\environment.js:637:18), <anonymous>:19:11)
    at Template.getExported (C:\Users\dcsdcr\AppData\Roaming\npm\node_modules\markbind-cli\node_modules\nunjucks\src\environment.js:605:16)
    at eval (eval at _compile (C:\Users\dcsdcr\AppData\Roaming\npm\node_modules\markbind-cli\node_modules\nunjucks\src\environment.js:637:18), <anonymous>:18:5)
    at Environment.getTemplate (C:\Users\dcsdcr\AppData\Roaming\npm\node_modules\markbind-cli\node_modules\nunjucks\src\environment.js:279:9)
    at eval (eval at _compile (C:\Users\dcsdcr\AppData\Roaming\npm\node_modules\markbind-cli\node_modules\nunjucks\src\environment.js:637:18), <anonymous>:16:5)
    at C:\Users\dcsdcr\AppData\Roaming\npm\node_modules\markbind-cli\node_modules\nunjucks\src\environment.js:619:9
    at eval (eval at _compile (C:\Users\dcsdcr\AppData\Roaming\npm\node_modules\markbind-cli\node_modules\nunjucks\src\environment.js:637:18), <anonymous>:1188:1)
    at C:\Users\dcsdcr\AppData\Roaming\npm\node_modules\markbind-cli\node_modules\nunjucks\src\environment.js:619:9
    at eval (eval at _compile (C:\Users\dcsdcr\AppData\Roaming\npm\node_modules\markbind-cli\node_modules\nunjucks\src\environment.js:637:18), <anonymous>:676:1)
    at C:\Users\dcsdcr\AppData\Roaming\npm\node_modules\markbind-cli\node_modules\nunjucks\src\environment.js:619:9
    at Template.root [as rootRenderFunc] (eval at _compile (C:\Users\dcsdcr\AppData\Roaming\npm\node_modules\markbind-cli\node_modules\nunjucks\src\environment.js:637:18), <anonymous>:245:1)
    at Template.getExported (C:\Users\dcsdcr\AppData\Roaming\npm\node_modules\markbind-cli\node_modules\nunjucks\src\environment.js:615:10)
2020-02-28T09:11:28.023Z - error: uncaughtException: Template render error: Template render error: Template render error: Template render error: Template render error: Template render error: (C:\repos\nus-cs2113-AY1920S2\cs2113-website\schedule\week5\index.md) [Line 38, Column 1]
  unexpected token: ] date=Fri Feb 28 2020 17:11:28 GMT+0800 (Singapore Standard Time), pid=26084, uid=null, gid=null, cwd=C:\repos\nus-cs2113-AY1920S2\cs2113-website, execPath=C:\Program Files\nodejs\node.exe, version=v10.14.2, argv=[C:\Program Files\nodejs\node.exe, C:\Users\dcsdcr\AppData\Roaming\npm\node_modules\markbind-cli\index.js, serve], rss=80695296, heapTotal=234438656, heapUsed=172736680, external=757737, loadavg=[0, 0, 0], uptime=787811
Template render error: (C:\repos\nus-cs2113-AY1920S2\cs2113-website\schedule\week5\index.md) [Line 38, Column 1]
  unexpected token: ]
    at Object._prettifyError (C:\Users\dcsdcr\AppData\Roaming\npm\node_modules\markbind-cli\node_modules\nunjucks\src\lib.js:36:11)
    at C:\Users\dcsdcr\AppData\Roaming\npm\node_modules\markbind-cli\node_modules\nunjucks\src\environment.js:567:19
    at eval (eval at _compile (C:\Users\dcsdcr\AppData\Roaming\npm\node_modules\markbind-cli\node_modules\nunjucks\src\environment.js:637:18), <anonymous>:12:11)
    at C:\Users\dcsdcr\AppData\Roaming\npm\node_modules\markbind-cli\node_modules\nunjucks\src\environment.js:617:9
    at eval (eval at _compile (C:\Users\dcsdcr\AppData\Roaming\npm\node_modules\markbind-cli\node_modules\nunjucks\src\environment.js:637:18), <anonymous>:19:11)
    at Template.getExported (C:\Users\dcsdcr\AppData\Roaming\npm\node_modules\markbind-cli\node_modules\nunjucks\src\environment.js:605:16)
    at eval (eval at _compile (C:\Users\dcsdcr\AppData\Roaming\npm\node_modules\markbind-cli\node_modules\nunjucks\src\environment.js:637:18), <anonymous>:18:5)
    at Environment.getTemplate (C:\Users\dcsdcr\AppData\Roaming\npm\node_modules\markbind-cli\node_modules\nunjucks\src\environment.js:279:9)
    at eval (eval at _compile (C:\Users\dcsdcr\AppData\Roaming\npm\node_modules\markbind-cli\node_modules\nunjucks\src\environment.js:637:18), <anonymous>:16:5)
    at C:\Users\dcsdcr\AppData\Roaming\npm\node_modules\markbind-cli\node_modules\nunjucks\src\environment.js:619:9
    at eval (eval at _compile (C:\Users\dcsdcr\AppData\Roaming\npm\node_modules\markbind-cli\node_modules\nunjucks\src\environment.js:637:18), <anonymous>:1188:1)
    at C:\Users\dcsdcr\AppData\Roaming\npm\node_modules\markbind-cli\node_modules\nunjucks\src\environment.js:619:9
    at eval (eval at _compile (C:\Users\dcsdcr\AppData\Roaming\npm\node_modules\markbind-cli\node_modules\nunjucks\src\environment.js:637:18), <anonymous>:676:1)
    at C:\Users\dcsdcr\AppData\Roaming\npm\node_modules\markbind-cli\node_modules\nunjucks\src\environment.js:619:9
    at Template.root [as rootRenderFunc] (eval at _compile (C:\Users\dcsdcr\AppData\Roaming\npm\node_modules\markbind-cli\node_modules\nunjucks\src\environment.js:637:18), <anonymous>:245:1)
    at Template.getExported (C:\Users\dcsdcr\AppData\Roaming\npm\node_modules\markbind-cli\node_modules\nunjucks\src\environment.js:615:10)
2020-02-28T09:11:28.028Z - error: uncaughtException: Template render error: Template render error: Template render error: Template render error: Template render error: Template render error: (C:\repos\nus-cs2113-AY1920S2\cs2113-website\schedule\week6\index.md) [Line 38, Column 1]
  unexpected token: ] date=Fri Feb 28 2020 17:11:28 GMT+0800 (Singapore Standard Time), pid=26084, uid=null, gid=null, cwd=C:\repos\nus-cs2113-AY1920S2\cs2113-website, execPath=C:\Program Files\nodejs\node.exe, version=v10.14.2, argv=[C:\Program Files\nodejs\node.exe, C:\Users\dcsdcr\AppData\Roaming\npm\node_modules\markbind-cli\index.js, serve], rss=81227776, heapTotal=234438656, heapUsed=173595256, external=765929, loadavg=[0, 0, 0], uptime=787811
Template render error: (C:\repos\nus-cs2113-AY1920S2\cs2113-website\schedule\week6\index.md) [Line 38, Column 1]
  unexpected token: ]
    at Object._prettifyError (C:\Users\dcsdcr\AppData\Roaming\npm\node_modules\markbind-cli\node_modules\nunjucks\src\lib.js:36:11)
    at C:\Users\dcsdcr\AppData\Roaming\npm\node_modules\markbind-cli\node_modules\nunjucks\src\environment.js:567:19
    at eval (eval at _compile (C:\Users\dcsdcr\AppData\Roaming\npm\node_modules\markbind-cli\node_modules\nunjucks\src\environment.js:637:18), <anonymous>:12:11)
    at C:\Users\dcsdcr\AppData\Roaming\npm\node_modules\markbind-cli\node_modules\nunjucks\src\environment.js:617:9
    at eval (eval at _compile (C:\Users\dcsdcr\AppData\Roaming\npm\node_modules\markbind-cli\node_modules\nunjucks\src\environment.js:637:18), <anonymous>:19:11)
    at Template.getExported (C:\Users\dcsdcr\AppData\Roaming\npm\node_modules\markbind-cli\node_modules\nunjucks\src\environment.js:605:16)
    at eval (eval at _compile (C:\Users\dcsdcr\AppData\Roaming\npm\node_modules\markbind-cli\node_modules\nunjucks\src\environment.js:637:18), <anonymous>:18:5)
    at Environment.getTemplate (C:\Users\dcsdcr\AppData\Roaming\npm\node_modules\markbind-cli\node_modules\nunjucks\src\environment.js:279:9)
    at eval (eval at _compile (C:\Users\dcsdcr\AppData\Roaming\npm\node_modules\markbind-cli\node_modules\nunjucks\src\environment.js:637:18), <anonymous>:16:5)
    at C:\Users\dcsdcr\AppData\Roaming\npm\node_modules\markbind-cli\node_modules\nunjucks\src\environment.js:619:9
    at eval (eval at _compile (C:\Users\dcsdcr\AppData\Roaming\npm\node_modules\markbind-cli\node_modules\nunjucks\src\environment.js:637:18), <anonymous>:1188:1)
    at C:\Users\dcsdcr\AppData\Roaming\npm\node_modules\markbind-cli\node_modules\nunjucks\src\environment.js:619:9
    at eval (eval at _compile (C:\Users\dcsdcr\AppData\Roaming\npm\node_modules\markbind-cli\node_modules\nunjucks\src\environment.js:637:18), <anonymous>:676:1)
    at C:\Users\dcsdcr\AppData\Roaming\npm\node_modules\markbind-cli\node_modules\nunjucks\src\environment.js:619:9
    at Template.root [as rootRenderFunc] (eval at _compile (C:\Users\dcsdcr\AppData\Roaming\npm\node_modules\markbind-cli\node_modules\nunjucks\src\environment.js:637:18), <anonymous>:245:1)
    at Template.getExported (C:\Users\dcsdcr\AppData\Roaming\npm\node_modules\markbind-cli\node_modules\nunjucks\src\environment.js:615:10)
2020-02-28T09:11:28.033Z - error: uncaughtException: Template render error: Template render error: Template render error: Template render error: Template render error: Template render error: (C:\repos\nus-cs2113-AY1920S2\cs2113-website\schedule\week7\index.md) [Line 38, Column 1]
  unexpected token: ] date=Fri Feb 28 2020 17:11:28 GMT+0800 (Singapore Standard Time), pid=26084, uid=null, gid=null, cwd=C:\repos\nus-cs2113-AY1920S2\cs2113-website, execPath=C:\Program Files\nodejs\node.exe, version=v10.14.2, argv=[C:\Program Files\nodejs\node.exe, C:\Users\dcsdcr\AppData\Roaming\npm\node_modules\markbind-cli\index.js, serve], rss=82087936, heapTotal=234438656, heapUsed=174453848, external=774121, loadavg=[0, 0, 0], uptime=787811
Template render error: (C:\repos\nus-cs2113-AY1920S2\cs2113-website\schedule\week7\index.md) [Line 38, Column 1]
  unexpected token: ]
    at Object._prettifyError (C:\Users\dcsdcr\AppData\Roaming\npm\node_modules\markbind-cli\node_modules\nunjucks\src\lib.js:36:11)
    at C:\Users\dcsdcr\AppData\Roaming\npm\node_modules\markbind-cli\node_modules\nunjucks\src\environment.js:567:19
    at eval (eval at _compile (C:\Users\dcsdcr\AppData\Roaming\npm\node_modules\markbind-cli\node_modules\nunjucks\src\environment.js:637:18), <anonymous>:12:11)
    at C:\Users\dcsdcr\AppData\Roaming\npm\node_modules\markbind-cli\node_modules\nunjucks\src\environment.js:617:9
    at eval (eval at _compile (C:\Users\dcsdcr\AppData\Roaming\npm\node_modules\markbind-cli\node_modules\nunjucks\src\environment.js:637:18), <anonymous>:19:11)
    at Template.getExported (C:\Users\dcsdcr\AppData\Roaming\npm\node_modules\markbind-cli\node_modules\nunjucks\src\environment.js:605:16)
    at eval (eval at _compile (C:\Users\dcsdcr\AppData\Roaming\npm\node_modules\markbind-cli\node_modules\nunjucks\src\environment.js:637:18), <anonymous>:18:5)
    at Environment.getTemplate (C:\Users\dcsdcr\AppData\Roaming\npm\node_modules\markbind-cli\node_modules\nunjucks\src\environment.js:279:9)
    at eval (eval at _compile (C:\Users\dcsdcr\AppData\Roaming\npm\node_modules\markbind-cli\node_modules\nunjucks\src\environment.js:637:18), <anonymous>:16:5)
    at C:\Users\dcsdcr\AppData\Roaming\npm\node_modules\markbind-cli\node_modules\nunjucks\src\environment.js:619:9
    at eval (eval at _compile (C:\Users\dcsdcr\AppData\Roaming\npm\node_modules\markbind-cli\node_modules\nunjucks\src\environment.js:637:18), <anonymous>:1188:1)
    at C:\Users\dcsdcr\AppData\Roaming\npm\node_modules\markbind-cli\node_modules\nunjucks\src\environment.js:619:9
    at eval (eval at _compile (C:\Users\dcsdcr\AppData\Roaming\npm\node_modules\markbind-cli\node_modules\nunjucks\src\environment.js:637:18), <anonymous>:676:1)
    at C:\Users\dcsdcr\AppData\Roaming\npm\node_modules\markbind-cli\node_modules\nunjucks\src\environment.js:619:9
    at Template.root [as rootRenderFunc] (eval at _compile (C:\Users\dcsdcr\AppData\Roaming\npm\node_modules\markbind-cli\node_modules\nunjucks\src\environment.js:637:18), <anonymous>:245:1)
    at Template.getExported (C:\Users\dcsdcr\AppData\Roaming\npm\node_modules\markbind-cli\node_modules\nunjucks\src\environment.js:615:10)
2020-02-28T09:11:28.038Z - error: uncaughtException: Template render error: Template render error: Template render error: Template render error: Template render error: Template render error: (C:\repos\nus-cs2113-AY1920S2\cs2113-website\schedule\week8\index.md) [Line 38, Column 1]
  unexpected token: ] date=Fri Feb 28 2020 17:11:28 GMT+0800 (Singapore Standard Time), pid=26084, uid=null, gid=null, cwd=C:\repos\nus-cs2113-AY1920S2\cs2113-website, execPath=C:\Program Files\nodejs\node.exe, version=v10.14.2, argv=[C:\Program Files\nodejs\node.exe, C:\Users\dcsdcr\AppData\Roaming\npm\node_modules\markbind-cli\index.js, serve], rss=82948096, heapTotal=234438656, heapUsed=175312336, external=782313, loadavg=[0, 0, 0], uptime=787811
Template render error: (C:\repos\nus-cs2113-AY1920S2\cs2113-website\schedule\week8\index.md) [Line 38, Column 1]
  unexpected token: ]
    at Object._prettifyError (C:\Users\dcsdcr\AppData\Roaming\npm\node_modules\markbind-cli\node_modules\nunjucks\src\lib.js:36:11)
    at C:\Users\dcsdcr\AppData\Roaming\npm\node_modules\markbind-cli\node_modules\nunjucks\src\environment.js:567:19
    at eval (eval at _compile (C:\Users\dcsdcr\AppData\Roaming\npm\node_modules\markbind-cli\node_modules\nunjucks\src\environment.js:637:18), <anonymous>:12:11)
    at C:\Users\dcsdcr\AppData\Roaming\npm\node_modules\markbind-cli\node_modules\nunjucks\src\environment.js:617:9
    at eval (eval at _compile (C:\Users\dcsdcr\AppData\Roaming\npm\node_modules\markbind-cli\node_modules\nunjucks\src\environment.js:637:18), <anonymous>:19:11)
    at Template.getExported (C:\Users\dcsdcr\AppData\Roaming\npm\node_modules\markbind-cli\node_modules\nunjucks\src\environment.js:605:16)
    at eval (eval at _compile (C:\Users\dcsdcr\AppData\Roaming\npm\node_modules\markbind-cli\node_modules\nunjucks\src\environment.js:637:18), <anonymous>:18:5)
    at Environment.getTemplate (C:\Users\dcsdcr\AppData\Roaming\npm\node_modules\markbind-cli\node_modules\nunjucks\src\environment.js:279:9)
    at eval (eval at _compile (C:\Users\dcsdcr\AppData\Roaming\npm\node_modules\markbind-cli\node_modules\nunjucks\src\environment.js:637:18), <anonymous>:16:5)
    at C:\Users\dcsdcr\AppData\Roaming\npm\node_modules\markbind-cli\node_modules\nunjucks\src\environment.js:619:9
    at eval (eval at _compile (C:\Users\dcsdcr\AppData\Roaming\npm\node_modules\markbind-cli\node_modules\nunjucks\src\environment.js:637:18), <anonymous>:1188:1)
    at C:\Users\dcsdcr\AppData\Roaming\npm\node_modules\markbind-cli\node_modules\nunjucks\src\environment.js:619:9
    at eval (eval at _compile (C:\Users\dcsdcr\AppData\Roaming\npm\node_modules\markbind-cli\node_modules\nunjucks\src\environment.js:637:18), <anonymous>:676:1)
    at C:\Users\dcsdcr\AppData\Roaming\npm\node_modules\markbind-cli\node_modules\nunjucks\src\environment.js:619:9
    at Template.root [as rootRenderFunc] (eval at _compile (C:\Users\dcsdcr\AppData\Roaming\npm\node_modules\markbind-cli\node_modules\nunjucks\src\environment.js:637:18), <anonymous>:245:1)
    at Template.getExported (C:\Users\dcsdcr\AppData\Roaming\npm\node_modules\markbind-cli\node_modules\nunjucks\src\environment.js:615:10)
2020-02-28T09:11:28.043Z - error: uncaughtException: Template render error: Template render error: Template render error: Template render error: Template render error: Template render error: (C:\repos\nus-cs2113-AY1920S2\cs2113-website\schedule\week9\index.md) [Line 38, Column 1]
  unexpected token: ] date=Fri Feb 28 2020 17:11:28 GMT+0800 (Singapore Standard Time), pid=26084, uid=null, gid=null, cwd=C:\repos\nus-cs2113-AY1920S2\cs2113-website, execPath=C:\Program Files\nodejs\node.exe, version=v10.14.2, argv=[C:\Program Files\nodejs\node.exe, C:\Users\dcsdcr\AppData\Roaming\npm\node_modules\markbind-cli\index.js, serve], rss=83812352, heapTotal=234438656, heapUsed=176170904, external=790505, loadavg=[0, 0, 0], uptime=787811
Template render error: (C:\repos\nus-cs2113-AY1920S2\cs2113-website\schedule\week9\index.md) [Line 38, Column 1]
  unexpected token: ]
    at Object._prettifyError (C:\Users\dcsdcr\AppData\Roaming\npm\node_modules\markbind-cli\node_modules\nunjucks\src\lib.js:36:11)
    at C:\Users\dcsdcr\AppData\Roaming\npm\node_modules\markbind-cli\node_modules\nunjucks\src\environment.js:567:19
    at eval (eval at _compile (C:\Users\dcsdcr\AppData\Roaming\npm\node_modules\markbind-cli\node_modules\nunjucks\src\environment.js:637:18), <anonymous>:12:11)
    at C:\Users\dcsdcr\AppData\Roaming\npm\node_modules\markbind-cli\node_modules\nunjucks\src\environment.js:617:9
    at eval (eval at _compile (C:\Users\dcsdcr\AppData\Roaming\npm\node_modules\markbind-cli\node_modules\nunjucks\src\environment.js:637:18), <anonymous>:19:11)
    at Template.getExported (C:\Users\dcsdcr\AppData\Roaming\npm\node_modules\markbind-cli\node_modules\nunjucks\src\environment.js:605:16)
    at eval (eval at _compile (C:\Users\dcsdcr\AppData\Roaming\npm\node_modules\markbind-cli\node_modules\nunjucks\src\environment.js:637:18), <anonymous>:18:5)
    at Environment.getTemplate (C:\Users\dcsdcr\AppData\Roaming\npm\node_modules\markbind-cli\node_modules\nunjucks\src\environment.js:279:9)
    at eval (eval at _compile (C:\Users\dcsdcr\AppData\Roaming\npm\node_modules\markbind-cli\node_modules\nunjucks\src\environment.js:637:18), <anonymous>:16:5)
    at C:\Users\dcsdcr\AppData\Roaming\npm\node_modules\markbind-cli\node_modules\nunjucks\src\environment.js:619:9
    at eval (eval at _compile (C:\Users\dcsdcr\AppData\Roaming\npm\node_modules\markbind-cli\node_modules\nunjucks\src\environment.js:637:18), <anonymous>:1188:1)
    at C:\Users\dcsdcr\AppData\Roaming\npm\node_modules\markbind-cli\node_modules\nunjucks\src\environment.js:619:9
    at eval (eval at _compile (C:\Users\dcsdcr\AppData\Roaming\npm\node_modules\markbind-cli\node_modules\nunjucks\src\environment.js:637:18), <anonymous>:676:1)
    at C:\Users\dcsdcr\AppData\Roaming\npm\node_modules\markbind-cli\node_modules\nunjucks\src\environment.js:619:9
    at Template.root [as rootRenderFunc] (eval at _compile (C:\Users\dcsdcr\AppData\Roaming\npm\node_modules\markbind-cli\node_modules\nunjucks\src\environment.js:637:18), <anonymous>:245:1)
    at Template.getExported (C:\Users\dcsdcr\AppData\Roaming\npm\node_modules\markbind-cli\node_modules\nunjucks\src\environment.js:615:10)
2020-02-28T09:11:28.137Z - error: uncaughtException: Template render error: Template render error: Template render error: Template render error: Template render error: (C:\repos\nus-cs2113-AY1920S2\cs2113-website\schedule\index.md) [Line 38, Column 1]
  unexpected token: ] date=Fri Feb 28 2020 17:11:28 GMT+0800 (Singapore Standard Time), pid=26084, uid=null, gid=null, cwd=C:\repos\nus-cs2113-AY1920S2\cs2113-website, execPath=C:\Program Files\nodejs\node.exe, version=v10.14.2, argv=[C:\Program Files\nodejs\node.exe, C:\Users\dcsdcr\AppData\Roaming\npm\node_modules\markbind-cli\index.js, serve], rss=151691264, heapTotal=230678528, heapUsed=163072976, external=798359, loadavg=[0, 0, 0], uptime=787811
Template render error: (C:\repos\nus-cs2113-AY1920S2\cs2113-website\schedule\index.md) [Line 38, Column 1]
  unexpected token: ]
    at Object._prettifyError (C:\Users\dcsdcr\AppData\Roaming\npm\node_modules\markbind-cli\node_modules\nunjucks\src\lib.js:36:11)
    at C:\Users\dcsdcr\AppData\Roaming\npm\node_modules\markbind-cli\node_modules\nunjucks\src\environment.js:567:19
    at eval (eval at _compile (C:\Users\dcsdcr\AppData\Roaming\npm\node_modules\markbind-cli\node_modules\nunjucks\src\environment.js:637:18), <anonymous>:19:11)
    at Template.getExported (C:\Users\dcsdcr\AppData\Roaming\npm\node_modules\markbind-cli\node_modules\nunjucks\src\environment.js:605:16)
    at eval (eval at _compile (C:\Users\dcsdcr\AppData\Roaming\npm\node_modules\markbind-cli\node_modules\nunjucks\src\environment.js:637:18), <anonymous>:18:5)
    at Environment.getTemplate (C:\Users\dcsdcr\AppData\Roaming\npm\node_modules\markbind-cli\node_modules\nunjucks\src\environment.js:279:9)
    at eval (eval at _compile (C:\Users\dcsdcr\AppData\Roaming\npm\node_modules\markbind-cli\node_modules\nunjucks\src\environment.js:637:18), <anonymous>:16:5)
    at C:\Users\dcsdcr\AppData\Roaming\npm\node_modules\markbind-cli\node_modules\nunjucks\src\environment.js:619:9
    at eval (eval at _compile (C:\Users\dcsdcr\AppData\Roaming\npm\node_modules\markbind-cli\node_modules\nunjucks\src\environment.js:637:18), <anonymous>:1188:1)
    at C:\Users\dcsdcr\AppData\Roaming\npm\node_modules\markbind-cli\node_modules\nunjucks\src\environment.js:619:9
    at eval (eval at _compile (C:\Users\dcsdcr\AppData\Roaming\npm\node_modules\markbind-cli\node_modules\nunjucks\src\environment.js:637:18), <anonymous>:676:1)
    at C:\Users\dcsdcr\AppData\Roaming\npm\node_modules\markbind-cli\node_modules\nunjucks\src\environment.js:619:9
    at Template.root [as rootRenderFunc] (eval at _compile (C:\Users\dcsdcr\AppData\Roaming\npm\node_modules\markbind-cli\node_modules\nunjucks\src\environment.js:637:18), <anonymous>:245:1)
    at Template.getExported (C:\Users\dcsdcr\AppData\Roaming\npm\node_modules\markbind-cli\node_modules\nunjucks\src\environment.js:615:10)
    at eval (eval at _compile (C:\Users\dcsdcr\AppData\Roaming\npm\node_modules\markbind-cli\node_modules\nunjucks\src\environment.js:637:18), <anonymous>:11:5)
    at Environment.getTemplate (C:\Users\dcsdcr\AppData\Roaming\npm\node_modules\markbind-cli\node_modules\nunjucks\src\environment.js:279:9)
2020-02-28T09:11:28.146Z - error: uncaughtException: Template render error: Template render error: Template render error: Template render error: Template render error: Template render error: (C:\repos\nus-cs2113-AY1920S2\cs2113-website\index.md) [Line 38, Column 1]
  unexpected token: ] date=Fri Feb 28 2020 17:11:28 GMT+0800 (Singapore Standard Time), pid=26084, uid=null, gid=null, cwd=C:\repos\nus-cs2113-AY1920S2\cs2113-website, execPath=C:\Program Files\nodejs\node.exe, version=v10.14.2, argv=[C:\Program Files\nodejs\node.exe, C:\Users\dcsdcr\AppData\Roaming\npm\node_modules\markbind-cli\index.js, serve], rss=151826432, heapTotal=231202816, heapUsed=157816072, external=383180, loadavg=[0, 0, 0], uptime=787811
Template render error: (C:\repos\nus-cs2113-AY1920S2\cs2113-website\index.md) [Line 38, Column 1]
  unexpected token: ]
    at Object._prettifyError (C:\Users\dcsdcr\AppData\Roaming\npm\node_modules\markbind-cli\node_modules\nunjucks\src\lib.js:36:11)
    at C:\Users\dcsdcr\AppData\Roaming\npm\node_modules\markbind-cli\node_modules\nunjucks\src\environment.js:567:19
    at eval (eval at _compile (C:\Users\dcsdcr\AppData\Roaming\npm\node_modules\markbind-cli\node_modules\nunjucks\src\environment.js:637:18), <anonymous>:12:11)
    at C:\Users\dcsdcr\AppData\Roaming\npm\node_modules\markbind-cli\node_modules\nunjucks\src\environment.js:617:9
    at eval (eval at _compile (C:\Users\dcsdcr\AppData\Roaming\npm\node_modules\markbind-cli\node_modules\nunjucks\src\environment.js:637:18), <anonymous>:19:11)
    at Template.getExported (C:\Users\dcsdcr\AppData\Roaming\npm\node_modules\markbind-cli\node_modules\nunjucks\src\environment.js:605:16)
    at eval (eval at _compile (C:\Users\dcsdcr\AppData\Roaming\npm\node_modules\markbind-cli\node_modules\nunjucks\src\environment.js:637:18), <anonymous>:18:5)
    at Environment.getTemplate (C:\Users\dcsdcr\AppData\Roaming\npm\node_modules\markbind-cli\node_modules\nunjucks\src\environment.js:279:9)
    at eval (eval at _compile (C:\Users\dcsdcr\AppData\Roaming\npm\node_modules\markbind-cli\node_modules\nunjucks\src\environment.js:637:18), <anonymous>:16:5)
    at C:\Users\dcsdcr\AppData\Roaming\npm\node_modules\markbind-cli\node_modules\nunjucks\src\environment.js:619:9
    at eval (eval at _compile (C:\Users\dcsdcr\AppData\Roaming\npm\node_modules\markbind-cli\node_modules\nunjucks\src\environment.js:637:18), <anonymous>:1188:1)
    at C:\Users\dcsdcr\AppData\Roaming\npm\node_modules\markbind-cli\node_modules\nunjucks\src\environment.js:619:9
    at eval (eval at _compile (C:\Users\dcsdcr\AppData\Roaming\npm\node_modules\markbind-cli\node_modules\nunjucks\src\environment.js:637:18), <anonymous>:676:1)
    at C:\Users\dcsdcr\AppData\Roaming\npm\node_modules\markbind-cli\node_modules\nunjucks\src\environment.js:619:9
    at Template.root [as rootRenderFunc] (eval at _compile (C:\Users\dcsdcr\AppData\Roaming\npm\node_modules\markbind-cli\node_modules\nunjucks\src\environment.js:637:18), <anonymous>:245:1)
    at Template.getExported (C:\Users\dcsdcr\AppData\Roaming\npm\node_modules\markbind-cli\node_modules\nunjucks\src\environment.js:615:10)
2020-02-28T09:11:49.605Z - info: [5:11:49 PM] Reload for file change: C:\repos\nus-cs2113-AY1920S2\cs2113-website\admin\admin-tasks.mbdf
2020-02-28T09:13:29.612Z - info: [5:13:29 PM] Reload for file change: C:\repos\nus-cs2113-AY1920S2\cs2113-website\admin\admin-tasks.mbdf
2020-02-28T09:15:53.551Z - info: [5:15:53 PM] Reload for file change: C:\repos\nus-cs2113-AY1920S2\cs2113-website\admin\peerEvaluations-midterm.mbdf
2020-02-28T09:16:28.672Z - info: Website generation started at 5:16:27 PM
2020-02-28T09:16:31.884Z - info: Building assets...
2020-02-28T09:16:34.693Z - info: Assets built
2020-02-28T09:16:34.693Z - info: Generating pages...
2020-02-28T09:17:31.114Z - debug: The process cannot access the file because it is being used by another process.

2020-02-28T09:17:31.115Z - debug: The process cannot access the file because it is being used by another process.

2020-02-28T09:17:31.115Z - debug: The process cannot access the file because it is being used by another process.

2020-02-28T09:17:31.115Z - debug: The process cannot access the file because it is being used by another process.

2020-02-28T09:17:31.116Z - debug: The process cannot access the file because it is being used by another process.

2020-02-28T09:17:31.116Z - debug: The process cannot access the file because it is being used by another process.

2020-02-28T09:17:31.116Z - debug: The process cannot access the file because it is being used by another process.

2020-02-28T09:17:31.117Z - debug: The process cannot access the file because it is being used by another process.

2020-02-28T09:17:31.117Z - debug: The process cannot access the file because it is being used by another process.

2020-02-28T09:17:31.117Z - debug: The process cannot access the file because it is being used by another process.

2020-02-28T09:17:31.117Z - debug: The process cannot access the file because it is being used by another process.

2020-02-28T09:17:31.118Z - debug: The process cannot access the file because it is being used by another process.

2020-02-28T09:17:31.118Z - debug: The process cannot access the file because it is being used by another process.

2020-02-28T09:17:31.118Z - debug: The process cannot access the file because it is being used by another process.

2020-02-28T09:17:31.118Z - debug: The process cannot access the file because it is being used by another process.

2020-02-28T09:17:31.118Z - debug: The process cannot access the file because it is being used by another process.

2020-02-28T09:17:31.119Z - debug: The process cannot access the file because it is being used by another process.

2020-02-28T09:17:31.119Z - debug: The process cannot access the file because it is being used by another process.

2020-02-28T09:17:31.119Z - debug: The process cannot access the file because it is being used by another process.

2020-02-28T09:17:31.119Z - debug: The process cannot access the file because it is being used by another process.

2020-02-28T09:17:31.125Z - debug: The process cannot access the file because it is being used by another process.

2020-02-28T09:17:31.125Z - debug: The process cannot access the file because it is being used by another process.

2020-02-28T09:17:31.126Z - debug: The process cannot access the file because it is being used by another process.

2020-02-28T09:17:31.132Z - debug: The process cannot access the file because it is being used by another process.

2020-02-28T09:17:31.132Z - debug: The process cannot access the file because it is being used by another process.

2020-02-28T09:17:35.235Z - debug:  
2020-02-28T09:17:35.236Z - debug:  
2020-02-28T09:17:36.399Z - debug:  
2020-02-28T09:17:36.400Z - debug:  
2020-02-28T09:18:28.235Z - info: Pages built
2020-02-28T09:18:43.899Z - info: Website generation complete! Total build time: 136.829s
2020-02-28T09:18:44.246Z - info: Serving "C:\repos\nus-cs2113-AY1920S2\cs2113-website\_site" at http://127.0.0.1:8080
2020-02-28T09:18:44.246Z - info: Press CTRL+C to stop ...
2020-02-28T09:18:44.342Z - info: Site data built
2020-02-28T09:19:50.376Z - info: [5:19:50 PM] Reload for file change: C:\repos\nus-cs2113-AY1920S2\cs2113-website\admin\peerEvaluations-midterm.mbdf
2020-02-28T09:19:51.382Z - info: Rebuilding affected source files
2020-02-28T09:19:51.386Z - info: Rebuilding 8 pages
2020-02-28T09:19:52.661Z - debug: The process cannot access the file because it is being used by another process.

2020-02-28T09:19:54.061Z - debug:  
2020-02-28T09:19:55.394Z - info: Pages rebuilt
2020-02-28T09:19:55.399Z - info: Site data built
2020-02-28T09:20:07.555Z - info: [5:20:07 PM] Reload for file change: C:\repos\nus-cs2113-AY1920S2\cs2113-website\admin\peerEvaluations-midterm.mbdf
2020-02-28T09:20:08.557Z - info: Rebuilding affected source files
2020-02-28T09:20:08.558Z - info: Rebuilding 7 pages
2020-02-28T09:20:10.881Z - debug:  
2020-02-28T09:20:12.083Z - info: Pages rebuilt
2020-02-28T09:20:12.099Z - info: Site data built
2020-02-28T09:26:30.510Z - info: [5:26:30 PM] Reload for file change: C:\repos\nus-cs2113-AY1920S2\cs2113-website\schedule\week9\tutorial-cs2113.mbdf
2020-02-28T09:26:31.512Z - info: Rebuilding affected source files
2020-02-28T09:26:31.514Z - info: Rebuilding 1 pages
2020-02-28T09:26:33.920Z - info: Pages rebuilt
2020-02-28T09:26:33.926Z - info: Site data built
2020-02-28T09:30:25.089Z - info: [5:30:25 PM] Reload for file change: C:\repos\nus-cs2113-AY1920S2\cs2113-website\schedule\week9\tutorial-cs2113.mbdf
2020-02-28T09:30:26.091Z - info: Rebuilding affected source files
2020-02-28T09:30:26.093Z - info: Rebuilding 1 pages
2020-02-28T09:30:28.523Z - info: Pages rebuilt
2020-02-28T09:30:28.529Z - info: Site data built
2020-02-28T09:32:07.361Z - info: [5:32:07 PM] Reload for file change: C:\repos\nus-cs2113-AY1920S2\cs2113-website\schedule\week9\tutorial-cs2113.mbdf
2020-02-28T09:32:08.363Z - info: Rebuilding affected source files
2020-02-28T09:32:08.364Z - info: Rebuilding 1 pages
2020-02-28T09:32:10.704Z - info: Pages rebuilt
2020-02-28T09:32:10.710Z - info: Site data built
2020-02-28T09:32:15.194Z - info: [5:32:15 PM] Reload for file change: C:\repos\nus-cs2113-AY1920S2\cs2113-website\schedule\week9\tutorial-cs2113.mbdf
2020-02-28T09:32:16.196Z - info: Rebuilding affected source files
2020-02-28T09:32:16.196Z - info: Rebuilding 1 pages
2020-02-28T09:32:18.269Z - info: Pages rebuilt
2020-02-28T09:32:18.275Z - info: Site data built
2020-02-28T09:34:13.753Z - info: [5:34:13 PM] Reload for file change: C:\repos\nus-cs2113-AY1920S2\cs2113-website\admin\tp-tasks.mbdf
2020-02-28T09:34:14.759Z - info: Rebuilding affected source files
2020-02-28T09:34:14.766Z - info: Rebuilding 39 pages
2020-02-28T09:34:37.027Z - info: Pages rebuilt
2020-02-28T09:34:37.037Z - info: Site data built
2020-02-28T09:37:01.627Z - info: [5:37:01 PM] Reload for file change: C:\repos\nus-cs2113-AY1920S2\cs2113-website\schedule\week9\tutorial-cs2113.mbdf
2020-02-28T09:37:02.628Z - info: Rebuilding affected source files
2020-02-28T09:37:02.629Z - info: Rebuilding 1 pages
2020-02-28T09:37:04.812Z - info: Pages rebuilt
2020-02-28T09:37:04.815Z - info: Site data built
2020-02-28T09:37:26.078Z - info: [5:37:26 PM] Reload for file change: C:\repos\nus-cs2113-AY1920S2\cs2113-website\schedule\week9\tutorial-cs2113.mbdf
2020-02-28T09:37:27.079Z - info: Rebuilding affected source files
2020-02-28T09:37:27.080Z - info: Rebuilding 1 pages
2020-02-28T09:37:29.997Z - info: Pages rebuilt
2020-02-28T09:37:30.003Z - info: Site data built
2020-02-28T09:37:48.826Z - info: [5:37:48 PM] Reload for file change: C:\repos\nus-cs2113-AY1920S2\cs2113-website\schedule\week9\tutorial-cs2113.mbdf
2020-02-28T09:37:49.827Z - info: Rebuilding affected source files
2020-02-28T09:37:49.828Z - info: Rebuilding 1 pages
2020-02-28T09:37:52.407Z - info: Pages rebuilt
2020-02-28T09:37:52.416Z - info: Site data built
2020-02-28T09:39:47.898Z - info: [5:39:47 PM] Reload for file change: C:\repos\nus-cs2113-AY1920S2\cs2113-website\schedule\week9\project-cs2113.mbdf
2020-02-28T09:39:48.901Z - info: Rebuilding affected source files
2020-02-28T09:39:48.903Z - info: Rebuilding 3 pages
2020-02-28T09:39:49.125Z - error:  Template render error: (C:\repos\nus-cs2113-AY1920S2\cs2113-website\schedule\week9\project-cs2113.mbdf) [Line 342, Column 67]
  Error: Unable to call `embed_topic`, which is undefined or falsey
    at Object._prettifyError (C:\Users\dcsdcr\AppData\Roaming\npm\node_modules\markbind-cli\node_modules\nunjucks\src\lib.js:36:11)
    at C:\Users\dcsdcr\AppData\Roaming\npm\node_modules\markbind-cli\node_modules\nunjucks\src\environment.js:567:19
    at eval (eval at _compile (C:\Users\dcsdcr\AppData\Roaming\npm\node_modules\markbind-cli\node_modules\nunjucks\src\environment.js:637:18), <anonymous>:12:11)
    at C:\Users\dcsdcr\AppData\Roaming\npm\node_modules\markbind-cli\node_modules\nunjucks\src\environment.js:617:9
    at eval (eval at _compile (C:\Users\dcsdcr\AppData\Roaming\npm\node_modules\markbind-cli\node_modules\nunjucks\src\environment.js:637:18), <anonymous>:19:11)
    at C:\Users\dcsdcr\AppData\Roaming\npm\node_modules\markbind-cli\node_modules\nunjucks\src\environment.js:617:9
    at eval (eval at _compile (C:\Users\dcsdcr\AppData\Roaming\npm\node_modules\markbind-cli\node_modules\nunjucks\src\environment.js:637:18), <anonymous>:82:12)
    at C:\Users\dcsdcr\AppData\Roaming\npm\node_modules\markbind-cli\node_modules\nunjucks\src\environment.js:617:9
    at eval (eval at _compile (C:\Users\dcsdcr\AppData\Roaming\npm\node_modules\markbind-cli\node_modules\nunjucks\src\environment.js:637:18), <anonymous>:137:12)
    at C:\Users\dcsdcr\AppData\Roaming\npm\node_modules\markbind-cli\node_modules\nunjucks\src\environment.js:617:9
    at Template.root [as rootRenderFunc] (eval at _compile (C:\Users\dcsdcr\AppData\Roaming\npm\node_modules\markbind-cli\node_modules\nunjucks\src\environment.js:637:18), <anonymous>:98:3)
    at Template.getExported (C:\Users\dcsdcr\AppData\Roaming\npm\node_modules\markbind-cli\node_modules\nunjucks\src\environment.js:615:10)
    at eval (eval at _compile (C:\Users\dcsdcr\AppData\Roaming\npm\node_modules\markbind-cli\node_modules\nunjucks\src\environment.js:637:18), <anonymous>:136:6)
    at Environment.getTemplate (C:\Users\dcsdcr\AppData\Roaming\npm\node_modules\markbind-cli\node_modules\nunjucks\src\environment.js:279:9)
    at eval (eval at _compile (C:\Users\dcsdcr\AppData\Roaming\npm\node_modules\markbind-cli\node_modules\nunjucks\src\environment.js:637:18), <anonymous>:134:5)
    at C:\Users\dcsdcr\AppData\Roaming\npm\node_modules\markbind-cli\node_modules\nunjucks\src\environment.js:619:9
2020-02-28T09:39:49.266Z - error:  Template render error: (C:\repos\nus-cs2113-AY1920S2\cs2113-website\schedule\week9\project-cs2113.mbdf) [Line 342, Column 67]
  Error: Unable to call `embed_topic`, which is undefined or falsey
    at Object._prettifyError (C:\Users\dcsdcr\AppData\Roaming\npm\node_modules\markbind-cli\node_modules\nunjucks\src\lib.js:36:11)
    at C:\Users\dcsdcr\AppData\Roaming\npm\node_modules\markbind-cli\node_modules\nunjucks\src\environment.js:567:19
    at eval (eval at _compile (C:\Users\dcsdcr\AppData\Roaming\npm\node_modules\markbind-cli\node_modules\nunjucks\src\environment.js:637:18), <anonymous>:12:11)
    at C:\Users\dcsdcr\AppData\Roaming\npm\node_modules\markbind-cli\node_modules\nunjucks\src\environment.js:617:9
    at eval (eval at _compile (C:\Users\dcsdcr\AppData\Roaming\npm\node_modules\markbind-cli\node_modules\nunjucks\src\environment.js:637:18), <anonymous>:19:11)
    at C:\Users\dcsdcr\AppData\Roaming\npm\node_modules\markbind-cli\node_modules\nunjucks\src\environment.js:617:9
    at eval (eval at _compile (C:\Users\dcsdcr\AppData\Roaming\npm\node_modules\markbind-cli\node_modules\nunjucks\src\environment.js:637:18), <anonymous>:82:12)
    at C:\Users\dcsdcr\AppData\Roaming\npm\node_modules\markbind-cli\node_modules\nunjucks\src\environment.js:617:9
    at eval (eval at _compile (C:\Users\dcsdcr\AppData\Roaming\npm\node_modules\markbind-cli\node_modules\nunjucks\src\environment.js:637:18), <anonymous>:137:12)
    at C:\Users\dcsdcr\AppData\Roaming\npm\node_modules\markbind-cli\node_modules\nunjucks\src\environment.js:617:9
    at Template.root [as rootRenderFunc] (eval at _compile (C:\Users\dcsdcr\AppData\Roaming\npm\node_modules\markbind-cli\node_modules\nunjucks\src\environment.js:637:18), <anonymous>:98:3)
    at Template.getExported (C:\Users\dcsdcr\AppData\Roaming\npm\node_modules\markbind-cli\node_modules\nunjucks\src\environment.js:615:10)
    at eval (eval at _compile (C:\Users\dcsdcr\AppData\Roaming\npm\node_modules\markbind-cli\node_modules\nunjucks\src\environment.js:637:18), <anonymous>:136:6)
    at Environment.getTemplate (C:\Users\dcsdcr\AppData\Roaming\npm\node_modules\markbind-cli\node_modules\nunjucks\src\environment.js:279:9)
    at eval (eval at _compile (C:\Users\dcsdcr\AppData\Roaming\npm\node_modules\markbind-cli\node_modules\nunjucks\src\environment.js:637:18), <anonymous>:134:5)
    at C:\Users\dcsdcr\AppData\Roaming\npm\node_modules\markbind-cli\node_modules\nunjucks\src\environment.js:619:9
2020-02-28T09:39:51.994Z - error:  Template render error: (C:\repos\nus-cs2113-AY1920S2\cs2113-website\schedule\week9\project-cs2113.mbdf) [Line 342, Column 67]
  Error: Unable to call `embed_topic`, which is undefined or falsey
    at Object._prettifyError (C:\Users\dcsdcr\AppData\Roaming\npm\node_modules\markbind-cli\node_modules\nunjucks\src\lib.js:36:11)
    at C:\Users\dcsdcr\AppData\Roaming\npm\node_modules\markbind-cli\node_modules\nunjucks\src\environment.js:567:19
    at eval (eval at _compile (C:\Users\dcsdcr\AppData\Roaming\npm\node_modules\markbind-cli\node_modules\nunjucks\src\environment.js:637:18), <anonymous>:12:11)
    at C:\Users\dcsdcr\AppData\Roaming\npm\node_modules\markbind-cli\node_modules\nunjucks\src\environment.js:617:9
    at eval (eval at _compile (C:\Users\dcsdcr\AppData\Roaming\npm\node_modules\markbind-cli\node_modules\nunjucks\src\environment.js:637:18), <anonymous>:19:11)
    at C:\Users\dcsdcr\AppData\Roaming\npm\node_modules\markbind-cli\node_modules\nunjucks\src\environment.js:617:9
    at eval (eval at _compile (C:\Users\dcsdcr\AppData\Roaming\npm\node_modules\markbind-cli\node_modules\nunjucks\src\environment.js:637:18), <anonymous>:82:12)
    at C:\Users\dcsdcr\AppData\Roaming\npm\node_modules\markbind-cli\node_modules\nunjucks\src\environment.js:617:9
    at eval (eval at _compile (C:\Users\dcsdcr\AppData\Roaming\npm\node_modules\markbind-cli\node_modules\nunjucks\src\environment.js:637:18), <anonymous>:137:12)
    at C:\Users\dcsdcr\AppData\Roaming\npm\node_modules\markbind-cli\node_modules\nunjucks\src\environment.js:617:9
    at Template.root [as rootRenderFunc] (eval at _compile (C:\Users\dcsdcr\AppData\Roaming\npm\node_modules\markbind-cli\node_modules\nunjucks\src\environment.js:637:18), <anonymous>:98:3)
    at Template.getExported (C:\Users\dcsdcr\AppData\Roaming\npm\node_modules\markbind-cli\node_modules\nunjucks\src\environment.js:615:10)
    at eval (eval at _compile (C:\Users\dcsdcr\AppData\Roaming\npm\node_modules\markbind-cli\node_modules\nunjucks\src\environment.js:637:18), <anonymous>:136:6)
    at Environment.getTemplate (C:\Users\dcsdcr\AppData\Roaming\npm\node_modules\markbind-cli\node_modules\nunjucks\src\environment.js:279:9)
    at eval (eval at _compile (C:\Users\dcsdcr\AppData\Roaming\npm\node_modules\markbind-cli\node_modules\nunjucks\src\environment.js:637:18), <anonymous>:134:5)
    at C:\Users\dcsdcr\AppData\Roaming\npm\node_modules\markbind-cli\node_modules\nunjucks\src\environment.js:619:9
2020-02-28T09:39:52.143Z - info: Pages rebuilt
2020-02-28T09:39:52.147Z - info: Site data built
2020-02-28T09:40:10.388Z - info: [5:40:10 PM] Reload for file change: C:\repos\nus-cs2113-AY1920S2\cs2113-website\schedule\week9\project-cs2113.mbdf
2020-02-28T09:40:11.390Z - info: Rebuilding affected source files
2020-02-28T09:40:11.392Z - info: Rebuilding 3 pages
2020-02-28T09:40:36.901Z - info: Website generation started at 5:40:35 PM
2020-02-28T09:40:39.796Z - info: Building assets...
2020-02-28T09:40:42.534Z - info: Assets built
2020-02-28T09:40:42.534Z - info: Generating pages...
2020-02-28T09:40:44.606Z - info: Pages built
2020-02-28T09:40:44.799Z - info: Website generation complete! Total build time: 9.26s
2020-02-28T09:40:45.154Z - info: Serving "C:\repos\nus-cs2113-AY1920S2\cs2113-website\_site" at http://127.0.0.1:8080
2020-02-28T09:40:45.154Z - info: Press CTRL+C to stop ...
2020-02-28T09:40:45.250Z - info: Site data built
2020-02-28T09:42:47.666Z - info: [5:42:47 PM] Reload for file change: C:\repos\nus-cs2113-AY1920S2\cs2113-website\common\macros.njk
2020-02-28T09:42:48.678Z - info: Assets built
2020-02-28T09:43:02.039Z - info: Website generation started at 5:43:01 PM
2020-02-28T09:43:04.783Z - info: Building assets...
2020-02-28T09:43:07.303Z - info: Assets built
2020-02-28T09:43:07.304Z - info: Generating pages...
2020-02-28T09:43:07.857Z - info: Pages built
2020-02-28T09:43:07.990Z - info: Website generation complete! Total build time: 6.651s
2020-02-28T09:43:08.319Z - info: Serving "C:\repos\nus-cs2113-AY1920S2\cs2113-website\_site" at http://127.0.0.1:8080
2020-02-28T09:43:08.319Z - info: Press CTRL+C to stop ...
2020-02-28T09:43:08.352Z - info: Site data built
2020-02-28T09:43:53.342Z - info: Website generation started at 5:43:52 PM
2020-02-28T09:43:56.158Z - info: Building assets...
2020-02-28T09:43:58.924Z - info: Assets built
2020-02-28T09:43:58.925Z - info: Generating pages...
2020-02-28T09:43:59.481Z - info: Pages built
2020-02-28T09:43:59.624Z - info: Website generation complete! Total build time: 6.977s
2020-02-28T09:43:59.989Z - info: Serving "C:\repos\nus-cs2113-AY1920S2\cs2113-website\_site" at http://127.0.0.1:8080
2020-02-28T09:43:59.989Z - info: Press CTRL+C to stop ...
2020-02-28T09:44:00.029Z - info: Site data built
2020-02-28T09:48:45.597Z - info: Website generation started at 5:48:44 PM
2020-02-28T09:48:48.768Z - info: Building assets...
2020-02-28T09:48:51.490Z - info: Assets built
2020-02-28T09:48:51.490Z - info: Generating pages...
2020-02-28T09:49:44.949Z - debug: The process cannot access the file because it is being used by another process.

2020-02-28T09:49:44.949Z - debug: The process cannot access the file because it is being used by another process.

2020-02-28T09:49:44.950Z - debug: The process cannot access the file because it is being used by another process.

2020-02-28T09:49:44.950Z - debug: The process cannot access the file because it is being used by another process.

2020-02-28T09:49:44.950Z - debug: The process cannot access the file because it is being used by another process.

2020-02-28T09:49:44.950Z - debug: The process cannot access the file because it is being used by another process.

2020-02-28T09:49:44.951Z - debug: The process cannot access the file because it is being used by another process.

2020-02-28T09:49:44.957Z - debug: The process cannot access the file because it is being used by another process.

2020-02-28T09:49:44.957Z - debug: The process cannot access the file because it is being used by another process.

2020-02-28T09:49:44.958Z - debug: The process cannot access the file because it is being used by another process.

2020-02-28T09:49:44.958Z - debug: The process cannot access the file because it is being used by another process.

2020-02-28T09:49:44.958Z - debug: The process cannot access the file because it is being used by another process.

2020-02-28T09:49:44.958Z - debug: The process cannot access the file because it is being used by another process.

2020-02-28T09:49:44.958Z - debug: The process cannot access the file because it is being used by another process.

2020-02-28T09:49:44.959Z - debug: The process cannot access the file because it is being used by another process.

2020-02-28T09:49:44.959Z - debug: The process cannot access the file because it is being used by another process.

2020-02-28T09:49:44.959Z - debug: The process cannot access the file because it is being used by another process.

2020-02-28T09:49:44.959Z - debug: The process cannot access the file because it is being used by another process.

2020-02-28T09:49:44.960Z - debug: The process cannot access the file because it is being used by another process.

2020-02-28T09:49:44.960Z - debug: The process cannot access the file because it is being used by another process.

2020-02-28T09:49:44.960Z - debug: The process cannot access the file because it is being used by another process.

2020-02-28T09:49:44.962Z - debug: The process cannot access the file because it is being used by another process.

2020-02-28T09:49:45.246Z - debug: The process cannot access the file because it is being used by another process.

2020-02-28T09:49:45.246Z - debug: The process cannot access the file because it is being used by another process.

2020-02-28T09:49:45.266Z - debug: The process cannot access the file because it is being used by another process.

2020-02-28T09:49:48.386Z - debug:  
2020-02-28T09:49:48.387Z - debug:  
2020-02-28T09:49:49.185Z - debug:  
2020-02-28T09:49:49.186Z - debug:  
2020-02-28T09:50:41.831Z - info: Pages built
2020-02-28T09:50:57.290Z - info: Website generation complete! Total build time: 132.37s
2020-02-28T09:50:57.625Z - info: Serving "C:\repos\nus-cs2113-AY1920S2\cs2113-website\_site" at http://127.0.0.1:8080
2020-02-28T09:50:57.625Z - info: Press CTRL+C to stop ...
2020-02-28T09:50:57.729Z - info: Site data built
2020-02-28T09:52:32.529Z - info: [5:52:32 PM] Reload for file change: C:\repos\nus-cs2113-AY1920S2\cs2113-website\schedule\index.md
2020-02-28T09:52:33.530Z - info: Rebuilding affected source files
2020-02-28T09:52:33.532Z - info: Rebuilding 2 pages
2020-02-28T09:52:34.932Z - info: Pages rebuilt
2020-02-28T09:52:34.936Z - info: Site data built
2020-02-28T09:55:12.499Z - info: [5:55:12 PM] Reload for file change: C:\repos\nus-cs2113-AY1920S2\cs2113-website\schedule\week9\tutorial-cs2113.mbdf
2020-02-28T09:55:12.506Z - info: [5:55:12 PM] Reload for file change: C:\repos\nus-cs2113-AY1920S2\cs2113-website\schedule\week10\tutorial-cs2113.mbdf
2020-02-28T09:55:13.500Z - info: Rebuilding affected source files
2020-02-28T09:55:13.502Z - info: Rebuilding 2 pages
2020-02-28T09:55:14.266Z - info: Pages rebuilt
2020-02-28T09:55:14.272Z - info: Site data built
2020-02-28T10:04:52.443Z - info: [6:04:52 PM] Reload for file change: C:\repos\nus-cs2113-AY1920S2\cs2113-website\admin\tp-tasks.mbdf
2020-02-28T10:04:53.449Z - info: Rebuilding affected source files
2020-02-28T10:04:53.462Z - info: Rebuilding 39 pages
2020-02-28T10:05:16.317Z - info: Pages rebuilt
2020-02-28T10:05:16.322Z - info: Site data built
2020-02-28T10:07:32.822Z - info: [6:07:32 PM] Reload for file change: C:\repos\nus-cs2113-AY1920S2\cs2113-website\_markbind\variables.md
2020-02-28T10:07:33.823Z - info: Rebuilding affected source files
2020-02-28T10:07:33.892Z - warn: Rebuilding all pages as variables file was changed, or the --force-reload flag was set
2020-02-28T10:07:34.003Z - info: Rebuilding 771 pages
2020-02-28T10:07:44.996Z - info: Website generation started at 6:07:43 PM
2020-02-28T10:07:47.922Z - info: Building assets...
2020-02-28T10:07:50.583Z - info: Assets built
2020-02-28T10:07:50.584Z - info: Generating pages...
2020-02-28T10:08:47.437Z - debug: The process cannot access the file because it is being used by another process.

2020-02-28T10:08:47.439Z - debug: The process cannot access the file because it is being used by another process.

2020-02-28T10:08:47.439Z - debug: The process cannot access the file because it is being used by another process.

2020-02-28T10:08:47.439Z - debug: The process cannot access the file because it is being used by another process.

2020-02-28T10:08:47.439Z - debug: The process cannot access the file because it is being used by another process.

2020-02-28T10:08:47.440Z - debug: The process cannot access the file because it is being used by another process.

2020-02-28T10:08:47.440Z - debug: The process cannot access the file because it is being used by another process.

2020-02-28T10:08:47.440Z - debug: The process cannot access the file because it is being used by another process.

2020-02-28T10:08:47.440Z - debug: The process cannot access the file because it is being used by another process.

2020-02-28T10:08:47.441Z - debug: The process cannot access the file because it is being used by another process.

2020-02-28T10:08:47.441Z - debug: The process cannot access the file because it is being used by another process.

2020-02-28T10:08:47.441Z - debug: The process cannot access the file because it is being used by another process.

2020-02-28T10:08:47.450Z - debug: The process cannot access the file because it is being used by another process.

2020-02-28T10:08:47.450Z - debug: The process cannot access the file because it is being used by another process.

2020-02-28T10:08:47.451Z - debug: The process cannot access the file because it is being used by another process.

2020-02-28T10:08:47.451Z - debug: The process cannot access the file because it is being used by another process.

2020-02-28T10:08:47.451Z - debug: The process cannot access the file because it is being used by another process.

2020-02-28T10:08:47.452Z - debug: The process cannot access the file because it is being used by another process.

2020-02-28T10:08:47.455Z - debug: The process cannot access the file because it is being used by another process.

2020-02-28T10:08:47.455Z - debug: The process cannot access the file because it is being used by another process.

2020-02-28T10:08:47.527Z - debug: The process cannot access the file because it is being used by another process.

2020-02-28T10:08:47.527Z - debug: The process cannot access the file because it is being used by another process.

2020-02-28T10:08:47.527Z - debug: The process cannot access the file because it is being used by another process.

2020-02-28T10:08:47.534Z - debug: The process cannot access the file because it is being used by another process.

2020-02-28T10:08:47.543Z - debug: The process cannot access the file because it is being used by another process.

2020-02-28T10:08:50.778Z - debug:  
2020-02-28T10:08:50.779Z - debug:  
2020-02-28T10:08:50.779Z - debug:  
2020-02-28T10:08:50.779Z - debug:  
2020-02-28T10:09:43.231Z - info: Pages built
2020-02-28T10:09:58.633Z - info: Website generation complete! Total build time: 135.077s
2020-02-28T10:09:58.969Z - info: Serving "C:\repos\nus-cs2113-AY1920S2\cs2113-website\_site" at http://127.0.0.1:8080
2020-02-28T10:09:58.969Z - info: Press CTRL+C to stop ...
2020-02-28T10:09:59.071Z - info: Site data built
2020-02-28T10:10:22.379Z - info: [6:10:22 PM] Reload for file change: C:\repos\nus-cs2113-AY1920S2\cs2113-website\admin\appendixE-gitHub.md
2020-02-28T10:10:23.382Z - info: Rebuilding affected source files
2020-02-28T10:10:23.387Z - info: Rebuilding 20 pages
2020-02-28T10:10:33.099Z - debug:  
2020-02-28T10:10:38.092Z - info: Pages rebuilt
2020-02-28T10:10:38.102Z - info: Site data built
2020-02-28T10:11:58.465Z - info: [6:11:58 PM] Reload for file change: C:\repos\nus-cs2113-AY1920S2\cs2113-website\admin\appendixE-gitHub.md
2020-02-28T10:11:59.470Z - info: Rebuilding affected source files
2020-02-28T10:11:59.473Z - info: Rebuilding 20 pages
2020-02-28T10:12:09.674Z - debug:  
2020-02-28T10:12:14.335Z - info: Pages rebuilt
2020-02-28T10:12:14.340Z - info: Site data built
2020-02-28T10:13:14.507Z - info: [6:13:14 PM] Reload for file change: C:\repos\nus-cs2113-AY1920S2\cs2113-website\admin\appendixE-gitHub.md
2020-02-28T10:13:15.511Z - info: Rebuilding affected source files
2020-02-28T10:13:15.515Z - info: Rebuilding 20 pages
2020-02-28T10:13:25.761Z - debug:  
2020-02-28T10:13:30.590Z - info: Pages rebuilt
2020-02-28T10:13:30.597Z - info: Site data built
2020-02-28T10:16:36.206Z - info: [6:16:36 PM] Reload for file change: C:\repos\nus-cs2113-AY1920S2\cs2113-website\schedule\week8\tutorial-cs2113.mbdf
2020-02-28T10:16:37.208Z - info: Rebuilding affected source files
2020-02-28T10:16:37.209Z - info: Rebuilding 1 pages
2020-02-28T10:16:37.567Z - info: Pages rebuilt
2020-02-28T10:16:37.570Z - info: Site data built
2020-02-28T10:16:53.491Z - info: [6:16:53 PM] Reload for file change: C:\repos\nus-cs2113-AY1920S2\cs2113-website\schedule\week8\tutorial-cs2113.mbdf
2020-02-28T10:16:54.491Z - info: Rebuilding affected source files
2020-02-28T10:16:54.492Z - info: Rebuilding 1 pages
2020-02-28T10:16:54.772Z - info: Pages rebuilt
2020-02-28T10:16:54.776Z - info: Site data built
2020-02-28T10:17:36.052Z - info: [6:17:36 PM] Reload for file change: C:\repos\nus-cs2113-AY1920S2\cs2113-website\admin\tp-tasks.mbdf
2020-02-28T10:17:37.064Z - info: Rebuilding affected source files
2020-02-28T10:17:37.069Z - info: Rebuilding 39 pages
2020-02-28T10:18:01.737Z - info: Pages rebuilt
2020-02-28T10:18:01.740Z - info: Site data built
2020-02-28T10:20:46.443Z - info: [6:20:46 PM] Reload for file change: C:\repos\nus-cs2113-AY1920S2\cs2113-website\schedule\week9\tutorial-cs2113.mbdf
2020-02-28T10:20:47.445Z - info: Rebuilding affected source files
2020-02-28T10:20:47.446Z - info: Rebuilding 1 pages
2020-02-28T10:20:47.864Z - info: Pages rebuilt
2020-02-28T10:20:47.868Z - info: Site data built
2020-02-28T10:23:10.576Z - info: [6:23:10 PM] Reload for file change: C:\repos\nus-cs2113-AY1920S2\cs2113-website\schedule\week8\tutorial-cs2113.mbdf
2020-02-28T10:23:11.578Z - info: Rebuilding affected source files
2020-02-28T10:23:11.580Z - info: Rebuilding 1 pages
2020-02-28T10:23:11.915Z - info: Pages rebuilt
2020-02-28T10:23:11.918Z - info: Site data built
2020-02-28T10:26:32.952Z - info: Website generation started at 6:26:31 PM
2020-02-28T10:26:35.957Z - info: Building assets...
2020-02-28T10:26:38.736Z - info: Assets built
2020-02-28T10:26:38.736Z - info: Generating pages...
2020-02-28T10:27:34.696Z - debug: The process cannot access the file because it is being used by another process.

2020-02-28T10:27:34.696Z - debug: The process cannot access the file because it is being used by another process.

2020-02-28T10:27:34.697Z - debug: The process cannot access the file because it is being used by another process.

2020-02-28T10:27:34.697Z - debug: The process cannot access the file because it is being used by another process.

2020-02-28T10:27:34.697Z - debug: The process cannot access the file because it is being used by another process.

2020-02-28T10:27:34.697Z - debug: The process cannot access the file because it is being used by another process.

2020-02-28T10:27:34.697Z - debug: The process cannot access the file because it is being used by another process.

2020-02-28T10:27:34.698Z - debug: The process cannot access the file because it is being used by another process.

2020-02-28T10:27:34.698Z - debug: The process cannot access the file because it is being used by another process.

2020-02-28T10:27:34.699Z - debug: The process cannot access the file because it is being used by another process.

2020-02-28T10:27:34.699Z - debug: The process cannot access the file because it is being used by another process.

2020-02-28T10:27:34.699Z - debug: The process cannot access the file because it is being used by another process.

2020-02-28T10:27:34.700Z - debug: The process cannot access the file because it is being used by another process.

2020-02-28T10:27:34.700Z - debug: The process cannot access the file because it is being used by another process.

2020-02-28T10:27:34.700Z - debug: The process cannot access the file because it is being used by another process.

2020-02-28T10:27:34.700Z - debug: The process cannot access the file because it is being used by another process.

2020-02-28T10:27:34.700Z - debug: The process cannot access the file because it is being used by another process.

2020-02-28T10:27:34.701Z - debug: The process cannot access the file because it is being used by another process.

2020-02-28T10:27:34.701Z - debug: The process cannot access the file because it is being used by another process.

2020-02-28T10:27:34.701Z - debug: The process cannot access the file because it is being used by another process.

2020-02-28T10:27:34.706Z - debug: The process cannot access the file because it is being used by another process.

2020-02-28T10:27:34.707Z - debug: The process cannot access the file because it is being used by another process.

2020-02-28T10:27:34.707Z - debug: The process cannot access the file because it is being used by another process.

2020-02-28T10:27:34.707Z - debug: The process cannot access the file because it is being used by another process.

2020-02-28T10:27:34.708Z - debug: The process cannot access the file because it is being used by another process.

2020-02-28T10:27:38.078Z - debug:  
2020-02-28T10:27:38.319Z - debug:  
2020-02-28T10:27:38.319Z - debug:  
2020-02-28T10:27:38.319Z - debug:  
2020-02-28T10:28:31.598Z - info: Pages built
2020-02-28T10:28:47.223Z - info: Website generation complete! Total build time: 135.829s
2020-02-28T10:28:47.223Z - info: Build success!
2020-02-28T10:28:47.226Z - info: Site data built
2020-02-28T10:29:41.116Z - info: Deployed!
